INFO:marlo.base_env_builder:params.gameMode : Cannot force survival mode.
INFO:marlo.base_env_builder:params.gameMode : Cannot force survival mode.
INFO:marlo.base_env_builder:Waiting for mission to start...
INFO:marlo.base_env_builder:Mission Running
Starting goal step:  1  of game:  1  avg score:  nan
Random Action
INFO:marlo.base_env_builder:Agent missed 9 observation(s).
Starting goal step:  2  of game:  1  avg score:  nan
Random Action
INFO:marlo.base_env_builder:Agent missed 3 observation(s).
Starting goal step:  3  of game:  1  avg score:  nan
Random Action
INFO:marlo.base_env_builder:Agent missed 2 observation(s).
Starting goal step:  4  of game:  1  avg score:  nan
Random Action
INFO:marlo.base_env_builder:Agent missed 4 observation(s).
Starting goal step:  5  of game:  1  avg score:  nan
Random Action
INFO:marlo.base_env_builder:Agent missed 3 observation(s).
Starting goal step:  6  of game:  1  avg score:  nan
Random Action
INFO:marlo.base_env_builder:Agent missed 3 observation(s).
Starting goal step:  7  of game:  1  avg score:  nan
Random Action
INFO:marlo.base_env_builder:Agent missed 4 observation(s).
Starting goal step:  8  of game:  1  avg score:  nan
Random Action
INFO:marlo.base_env_builder:Agent missed 2 observation(s).
Starting goal step:  9  of game:  1  avg score:  nan
Random Action
INFO:marlo.base_env_builder:Agent missed 3 observation(s).
Starting goal step:  10  of game:  1  avg score:  nan
Random Action
INFO:marlo.base_env_builder:Agent missed 3 observation(s).
Starting goal step:  11  of game:  1  avg score:  nan
Random Action
INFO:marlo.base_env_builder:Agent missed 4 observation(s).
Starting goal step:  12  of game:  1  avg score:  nan
Random Action
INFO:marlo.base_env_builder:Agent missed 3 observation(s).
Starting goal step:  13  of game:  1  avg score:  nan
Random Action
INFO:marlo.base_env_builder:Agent missed 2 observation(s).
Starting goal step:  14  of game:  1  avg score:  nan
Random Action
INFO:marlo.base_env_builder:Agent missed 4 observation(s).
Starting goal step:  15  of game:  1  avg score:  nan
Random Action
INFO:marlo.base_env_builder:Agent missed 3 observation(s).
Starting goal step:  16  of game:  1  avg score:  nan
Random Action
INFO:marlo.base_env_builder:Agent missed 3 observation(s).
Starting goal step:  17  of game:  1  avg score:  nan
Random Action
INFO:marlo.base_env_builder:Agent missed 3 observation(s).
2018-12-11 10:48:54.279732: I tensorflow/core/platform/cpu_feature_guard.cc:141] Your CPU supports instructions that this TensorFlow binary was not compiled to use: AVX2 FMA
2018-12-11 10:48:54.384740: I tensorflow/stream_executor/cuda/cuda_gpu_executor.cc:964] successful NUMA node read from SysFS had negative value (-1), but there must be at least one NUMA node, so returning NUMA node zero
2018-12-11 10:48:54.385183: I tensorflow/core/common_runtime/gpu/gpu_device.cc:1432] Found device 0 with properties: 
name: GeForce GTX TITAN X major: 5 minor: 2 memoryClockRate(GHz): 1.076
pciBusID: 0000:01:00.0
totalMemory: 11.92GiB freeMemory: 368.81MiB
2018-12-11 10:48:54.385208: I tensorflow/core/common_runtime/gpu/gpu_device.cc:1511] Adding visible gpu devices: 0
2018-12-11 10:48:54.736874: I tensorflow/core/common_runtime/gpu/gpu_device.cc:982] Device interconnect StreamExecutor with strength 1 edge matrix:
2018-12-11 10:48:54.736914: I tensorflow/core/common_runtime/gpu/gpu_device.cc:988]      0 
2018-12-11 10:48:54.736922: I tensorflow/core/common_runtime/gpu/gpu_device.cc:1001] 0:   N 
2018-12-11 10:48:54.737102: I tensorflow/core/common_runtime/gpu/gpu_device.cc:1115] Created TensorFlow device (/job:localhost/replica:0/task:0/device:GPU:0 with 79 MB memory) -> physical GPU (device: 0, name: GeForce GTX TITAN X, pci bus id: 0000:01:00.0, compute capability: 5.2)
2018-12-11 10:49:06.894549: W tensorflow/core/common_runtime/bfc_allocator.cc:267] Allocator (GPU_0_bfc) ran out of memory trying to allocate 87.89MiB.  Current allocation summary follows.
2018-12-11 10:49:06.894601: I tensorflow/core/common_runtime/bfc_allocator.cc:597] Bin (256): 	Total Chunks: 52, Chunks in use: 52. 13.0KiB allocated for chunks. 13.0KiB in use in bin. 3.3KiB client-requested in use in bin.
2018-12-11 10:49:06.894622: I tensorflow/core/common_runtime/bfc_allocator.cc:597] Bin (512): 	Total Chunks: 1, Chunks in use: 1. 512B allocated for chunks. 512B in use in bin. 448B client-requested in use in bin.
2018-12-11 10:49:06.894631: I tensorflow/core/common_runtime/bfc_allocator.cc:597] Bin (1024): 	Total Chunks: 5, Chunks in use: 5. 8.2KiB allocated for chunks. 8.2KiB in use in bin. 8.0KiB client-requested in use in bin.
2018-12-11 10:49:06.894638: I tensorflow/core/common_runtime/bfc_allocator.cc:597] Bin (2048): 	Total Chunks: 0, Chunks in use: 0. 0B allocated for chunks. 0B in use in bin. 0B client-requested in use in bin.
2018-12-11 10:49:06.894645: I tensorflow/core/common_runtime/bfc_allocator.cc:597] Bin (4096): 	Total Chunks: 0, Chunks in use: 0. 0B allocated for chunks. 0B in use in bin. 0B client-requested in use in bin.
2018-12-11 10:49:06.894653: I tensorflow/core/common_runtime/bfc_allocator.cc:597] Bin (8192): 	Total Chunks: 4, Chunks in use: 4. 48.0KiB allocated for chunks. 48.0KiB in use in bin. 48.0KiB client-requested in use in bin.
2018-12-11 10:49:06.894662: I tensorflow/core/common_runtime/bfc_allocator.cc:597] Bin (16384): 	Total Chunks: 8, Chunks in use: 8. 128.0KiB allocated for chunks. 128.0KiB in use in bin. 128.0KiB client-requested in use in bin.
2018-12-11 10:49:06.894669: I tensorflow/core/common_runtime/bfc_allocator.cc:597] Bin (32768): 	Total Chunks: 0, Chunks in use: 0. 0B allocated for chunks. 0B in use in bin. 0B client-requested in use in bin.
2018-12-11 10:49:06.894676: I tensorflow/core/common_runtime/bfc_allocator.cc:597] Bin (65536): 	Total Chunks: 0, Chunks in use: 0. 0B allocated for chunks. 0B in use in bin. 0B client-requested in use in bin.
2018-12-11 10:49:06.894683: I tensorflow/core/common_runtime/bfc_allocator.cc:597] Bin (131072): 	Total Chunks: 0, Chunks in use: 0. 0B allocated for chunks. 0B in use in bin. 0B client-requested in use in bin.
2018-12-11 10:49:06.894690: I tensorflow/core/common_runtime/bfc_allocator.cc:597] Bin (262144): 	Total Chunks: 0, Chunks in use: 0. 0B allocated for chunks. 0B in use in bin. 0B client-requested in use in bin.
2018-12-11 10:49:06.894697: I tensorflow/core/common_runtime/bfc_allocator.cc:597] Bin (524288): 	Total Chunks: 0, Chunks in use: 0. 0B allocated for chunks. 0B in use in bin. 0B client-requested in use in bin.
2018-12-11 10:49:06.894705: I tensorflow/core/common_runtime/bfc_allocator.cc:597] Bin (1048576): 	Total Chunks: 4, Chunks in use: 4. 6.00MiB allocated for chunks. 6.00MiB in use in bin. 6.00MiB client-requested in use in bin.
2018-12-11 10:49:06.894712: I tensorflow/core/common_runtime/bfc_allocator.cc:597] Bin (2097152): 	Total Chunks: 0, Chunks in use: 0. 0B allocated for chunks. 0B in use in bin. 0B client-requested in use in bin.
2018-12-11 10:49:06.894718: I tensorflow/core/common_runtime/bfc_allocator.cc:597] Bin (4194304): 	Total Chunks: 0, Chunks in use: 0. 0B allocated for chunks. 0B in use in bin. 0B client-requested in use in bin.
2018-12-11 10:49:06.894725: I tensorflow/core/common_runtime/bfc_allocator.cc:597] Bin (8388608): 	Total Chunks: 0, Chunks in use: 0. 0B allocated for chunks. 0B in use in bin. 0B client-requested in use in bin.
2018-12-11 10:49:06.894732: I tensorflow/core/common_runtime/bfc_allocator.cc:597] Bin (16777216): 	Total Chunks: 0, Chunks in use: 0. 0B allocated for chunks. 0B in use in bin. 0B client-requested in use in bin.
2018-12-11 10:49:06.894739: I tensorflow/core/common_runtime/bfc_allocator.cc:597] Bin (33554432): 	Total Chunks: 0, Chunks in use: 0. 0B allocated for chunks. 0B in use in bin. 0B client-requested in use in bin.
2018-12-11 10:49:06.894747: I tensorflow/core/common_runtime/bfc_allocator.cc:597] Bin (67108864): 	Total Chunks: 1, Chunks in use: 0. 73.37MiB allocated for chunks. 0B in use in bin. 0B client-requested in use in bin.
2018-12-11 10:49:06.894754: I tensorflow/core/common_runtime/bfc_allocator.cc:597] Bin (134217728): 	Total Chunks: 0, Chunks in use: 0. 0B allocated for chunks. 0B in use in bin. 0B client-requested in use in bin.
2018-12-11 10:49:06.894764: I tensorflow/core/common_runtime/bfc_allocator.cc:597] Bin (268435456): 	Total Chunks: 0, Chunks in use: 0. 0B allocated for chunks. 0B in use in bin. 0B client-requested in use in bin.
2018-12-11 10:49:06.894772: I tensorflow/core/common_runtime/bfc_allocator.cc:613] Bin for 87.89MiB was 64.00MiB, Chunk State: 
2018-12-11 10:49:06.894782: I tensorflow/core/common_runtime/bfc_allocator.cc:619]   Size: 73.37MiB | Requested Size: 0B | in_use: 0, prev:   Size: 512B | Requested Size: 448B | in_use: 1
2018-12-11 10:49:06.894791: I tensorflow/core/common_runtime/bfc_allocator.cc:632] Chunk at 0xb07040000 of size 1280
2018-12-11 10:49:06.894797: I tensorflow/core/common_runtime/bfc_allocator.cc:632] Chunk at 0xb07040500 of size 256
2018-12-11 10:49:06.894803: I tensorflow/core/common_runtime/bfc_allocator.cc:632] Chunk at 0xb07040600 of size 256
2018-12-11 10:49:06.894809: I tensorflow/core/common_runtime/bfc_allocator.cc:632] Chunk at 0xb07040700 of size 256
2018-12-11 10:49:06.894815: I tensorflow/core/common_runtime/bfc_allocator.cc:632] Chunk at 0xb07040800 of size 256
2018-12-11 10:49:06.894820: I tensorflow/core/common_runtime/bfc_allocator.cc:632] Chunk at 0xb07040900 of size 256
2018-12-11 10:49:06.894826: I tensorflow/core/common_runtime/bfc_allocator.cc:632] Chunk at 0xb07040a00 of size 256
2018-12-11 10:49:06.894832: I tensorflow/core/common_runtime/bfc_allocator.cc:632] Chunk at 0xb07040b00 of size 256
2018-12-11 10:49:06.894838: I tensorflow/core/common_runtime/bfc_allocator.cc:632] Chunk at 0xb07040c00 of size 256
2018-12-11 10:49:06.894844: I tensorflow/core/common_runtime/bfc_allocator.cc:632] Chunk at 0xb07040d00 of size 256
2018-12-11 10:49:06.894850: I tensorflow/core/common_runtime/bfc_allocator.cc:632] Chunk at 0xb07040e00 of size 256
2018-12-11 10:49:06.894855: I tensorflow/core/common_runtime/bfc_allocator.cc:632] Chunk at 0xb07040f00 of size 256
2018-12-11 10:49:06.894861: I tensorflow/core/common_runtime/bfc_allocator.cc:632] Chunk at 0xb07041000 of size 256
2018-12-11 10:49:06.894867: I tensorflow/core/common_runtime/bfc_allocator.cc:632] Chunk at 0xb07041100 of size 256
2018-12-11 10:49:06.894873: I tensorflow/core/common_runtime/bfc_allocator.cc:632] Chunk at 0xb07041200 of size 256
2018-12-11 10:49:06.894879: I tensorflow/core/common_runtime/bfc_allocator.cc:632] Chunk at 0xb07041300 of size 256
2018-12-11 10:49:06.894890: I tensorflow/core/common_runtime/bfc_allocator.cc:632] Chunk at 0xb07041400 of size 256
2018-12-11 10:49:06.894897: I tensorflow/core/common_runtime/bfc_allocator.cc:632] Chunk at 0xb07041500 of size 256
2018-12-11 10:49:06.894904: I tensorflow/core/common_runtime/bfc_allocator.cc:632] Chunk at 0xb07041600 of size 256
2018-12-11 10:49:06.894909: I tensorflow/core/common_runtime/bfc_allocator.cc:632] Chunk at 0xb07041700 of size 256
2018-12-11 10:49:06.894915: I tensorflow/core/common_runtime/bfc_allocator.cc:632] Chunk at 0xb07041800 of size 256
2018-12-11 10:49:06.894920: I tensorflow/core/common_runtime/bfc_allocator.cc:632] Chunk at 0xb07041900 of size 256
2018-12-11 10:49:06.894926: I tensorflow/core/common_runtime/bfc_allocator.cc:632] Chunk at 0xb07041a00 of size 256
2018-12-11 10:49:06.894931: I tensorflow/core/common_runtime/bfc_allocator.cc:632] Chunk at 0xb07041b00 of size 256
2018-12-11 10:49:06.894937: I tensorflow/core/common_runtime/bfc_allocator.cc:632] Chunk at 0xb07041c00 of size 12288
2018-12-11 10:49:06.894943: I tensorflow/core/common_runtime/bfc_allocator.cc:632] Chunk at 0xb07044c00 of size 256
2018-12-11 10:49:06.894949: I tensorflow/core/common_runtime/bfc_allocator.cc:632] Chunk at 0xb07044d00 of size 16384
2018-12-11 10:49:06.894955: I tensorflow/core/common_runtime/bfc_allocator.cc:632] Chunk at 0xb07048d00 of size 1572864
2018-12-11 10:49:06.894960: I tensorflow/core/common_runtime/bfc_allocator.cc:632] Chunk at 0xb071c8d00 of size 256
2018-12-11 10:49:06.894966: I tensorflow/core/common_runtime/bfc_allocator.cc:632] Chunk at 0xb071c8e00 of size 256
2018-12-11 10:49:06.894976: I tensorflow/core/common_runtime/bfc_allocator.cc:632] Chunk at 0xb071c8f00 of size 16384
2018-12-11 10:49:06.894982: I tensorflow/core/common_runtime/bfc_allocator.cc:632] Chunk at 0xb071ccf00 of size 256
2018-12-11 10:49:06.894988: I tensorflow/core/common_runtime/bfc_allocator.cc:632] Chunk at 0xb071cd000 of size 1792
2018-12-11 10:49:06.894993: I tensorflow/core/common_runtime/bfc_allocator.cc:632] Chunk at 0xb071cd700 of size 12288
2018-12-11 10:49:06.894999: I tensorflow/core/common_runtime/bfc_allocator.cc:632] Chunk at 0xb071d0700 of size 256
2018-12-11 10:49:06.895005: I tensorflow/core/common_runtime/bfc_allocator.cc:632] Chunk at 0xb071d0800 of size 16384
2018-12-11 10:49:06.895011: I tensorflow/core/common_runtime/bfc_allocator.cc:632] Chunk at 0xb071d4800 of size 256
2018-12-11 10:49:06.895017: I tensorflow/core/common_runtime/bfc_allocator.cc:632] Chunk at 0xb071d4900 of size 1572864
2018-12-11 10:49:06.895022: I tensorflow/core/common_runtime/bfc_allocator.cc:632] Chunk at 0xb07354900 of size 16384
2018-12-11 10:49:06.895028: I tensorflow/core/common_runtime/bfc_allocator.cc:632] Chunk at 0xb07358900 of size 256
2018-12-11 10:49:06.895034: I tensorflow/core/common_runtime/bfc_allocator.cc:632] Chunk at 0xb07358a00 of size 1792
2018-12-11 10:49:06.895039: I tensorflow/core/common_runtime/bfc_allocator.cc:632] Chunk at 0xb07359100 of size 256
2018-12-11 10:49:06.895045: I tensorflow/core/common_runtime/bfc_allocator.cc:632] Chunk at 0xb07359200 of size 12288
2018-12-11 10:49:06.895051: I tensorflow/core/common_runtime/bfc_allocator.cc:632] Chunk at 0xb0735c200 of size 256
2018-12-11 10:49:06.895057: I tensorflow/core/common_runtime/bfc_allocator.cc:632] Chunk at 0xb0735c300 of size 16384
2018-12-11 10:49:06.895063: I tensorflow/core/common_runtime/bfc_allocator.cc:632] Chunk at 0xb07360300 of size 256
2018-12-11 10:49:06.895069: I tensorflow/core/common_runtime/bfc_allocator.cc:632] Chunk at 0xb07360400 of size 1572864
2018-12-11 10:49:06.895074: I tensorflow/core/common_runtime/bfc_allocator.cc:632] Chunk at 0xb074e0400 of size 16384
2018-12-11 10:49:06.895080: I tensorflow/core/common_runtime/bfc_allocator.cc:632] Chunk at 0xb074e4400 of size 256
2018-12-11 10:49:06.895086: I tensorflow/core/common_runtime/bfc_allocator.cc:632] Chunk at 0xb074e4500 of size 256
2018-12-11 10:49:06.895092: I tensorflow/core/common_runtime/bfc_allocator.cc:632] Chunk at 0xb074e4600 of size 1792
2018-12-11 10:49:06.895097: I tensorflow/core/common_runtime/bfc_allocator.cc:632] Chunk at 0xb074e4d00 of size 256
2018-12-11 10:49:06.895103: I tensorflow/core/common_runtime/bfc_allocator.cc:632] Chunk at 0xb074e4e00 of size 256
2018-12-11 10:49:06.895109: I tensorflow/core/common_runtime/bfc_allocator.cc:632] Chunk at 0xb074e4f00 of size 256
2018-12-11 10:49:06.895115: I tensorflow/core/common_runtime/bfc_allocator.cc:632] Chunk at 0xb074e5000 of size 256
2018-12-11 10:49:06.895121: I tensorflow/core/common_runtime/bfc_allocator.cc:632] Chunk at 0xb074e5100 of size 256
2018-12-11 10:49:06.895126: I tensorflow/core/common_runtime/bfc_allocator.cc:632] Chunk at 0xb074e5200 of size 256
2018-12-11 10:49:06.895132: I tensorflow/core/common_runtime/bfc_allocator.cc:632] Chunk at 0xb074e5300 of size 256
2018-12-11 10:49:06.895138: I tensorflow/core/common_runtime/bfc_allocator.cc:632] Chunk at 0xb074e5400 of size 256
2018-12-11 10:49:06.895144: I tensorflow/core/common_runtime/bfc_allocator.cc:632] Chunk at 0xb074e5500 of size 256
2018-12-11 10:49:06.895150: I tensorflow/core/common_runtime/bfc_allocator.cc:632] Chunk at 0xb074e5600 of size 1572864
2018-12-11 10:49:06.895155: I tensorflow/core/common_runtime/bfc_allocator.cc:632] Chunk at 0xb07665600 of size 256
2018-12-11 10:49:06.895161: I tensorflow/core/common_runtime/bfc_allocator.cc:632] Chunk at 0xb07665700 of size 256
2018-12-11 10:49:06.895167: I tensorflow/core/common_runtime/bfc_allocator.cc:632] Chunk at 0xb07665800 of size 12288
2018-12-11 10:49:06.895172: I tensorflow/core/common_runtime/bfc_allocator.cc:632] Chunk at 0xb07668800 of size 256
2018-12-11 10:49:06.895181: I tensorflow/core/common_runtime/bfc_allocator.cc:632] Chunk at 0xb07668900 of size 16384
2018-12-11 10:49:06.895186: I tensorflow/core/common_runtime/bfc_allocator.cc:632] Chunk at 0xb0766c900 of size 256
2018-12-11 10:49:06.895192: I tensorflow/core/common_runtime/bfc_allocator.cc:632] Chunk at 0xb0766ca00 of size 1792
2018-12-11 10:49:06.895198: I tensorflow/core/common_runtime/bfc_allocator.cc:632] Chunk at 0xb0766d100 of size 256
2018-12-11 10:49:06.895204: I tensorflow/core/common_runtime/bfc_allocator.cc:632] Chunk at 0xb0766d200 of size 256
2018-12-11 10:49:06.895209: I tensorflow/core/common_runtime/bfc_allocator.cc:632] Chunk at 0xb0766d300 of size 16384
2018-12-11 10:49:06.895215: I tensorflow/core/common_runtime/bfc_allocator.cc:632] Chunk at 0xb07671300 of size 256
2018-12-11 10:49:06.895221: I tensorflow/core/common_runtime/bfc_allocator.cc:632] Chunk at 0xb07671400 of size 256
2018-12-11 10:49:06.895227: I tensorflow/core/common_runtime/bfc_allocator.cc:632] Chunk at 0xb07671500 of size 512
2018-12-11 10:49:06.895233: I tensorflow/core/common_runtime/bfc_allocator.cc:632] Free  at 0xb07671700 of size 76933376
2018-12-11 10:49:06.895238: I tensorflow/core/common_runtime/bfc_allocator.cc:638]      Summary of in-use Chunks by size: 
2018-12-11 10:49:06.895246: I tensorflow/core/common_runtime/bfc_allocator.cc:641] 52 Chunks of size 256 totalling 13.0KiB
2018-12-11 10:49:06.895253: I tensorflow/core/common_runtime/bfc_allocator.cc:641] 1 Chunks of size 512 totalling 512B
2018-12-11 10:49:06.895259: I tensorflow/core/common_runtime/bfc_allocator.cc:641] 1 Chunks of size 1280 totalling 1.2KiB
2018-12-11 10:49:06.895266: I tensorflow/core/common_runtime/bfc_allocator.cc:641] 4 Chunks of size 1792 totalling 7.0KiB
2018-12-11 10:49:06.895273: I tensorflow/core/common_runtime/bfc_allocator.cc:641] 4 Chunks of size 12288 totalling 48.0KiB
2018-12-11 10:49:06.895279: I tensorflow/core/common_runtime/bfc_allocator.cc:641] 8 Chunks of size 16384 totalling 128.0KiB
2018-12-11 10:49:06.895286: I tensorflow/core/common_runtime/bfc_allocator.cc:641] 4 Chunks of size 1572864 totalling 6.00MiB
2018-12-11 10:49:06.895292: I tensorflow/core/common_runtime/bfc_allocator.cc:645] Sum Total of in-use chunks: 6.19MiB
2018-12-11 10:49:06.895301: I tensorflow/core/common_runtime/bfc_allocator.cc:647] Stats: 
Limit:                    83427328
InUse:                     6493952
MaxInUse:                 83427328
NumAllocs:                     660
MaxAllocSize:             80008448

2018-12-11 10:49:06.895312: W tensorflow/core/common_runtime/bfc_allocator.cc:271] ********____________________________________________________________________________________________
Using TensorFlow backend.
/home/thebox/anaconda3/envs/marlo/lib/python3.6/importlib/_bootstrap.py:219: RuntimeWarning: to-Python converter for boost::posix_time::ptime already registered; second conversion method ignored.
  return f(*args, **kwds)
/home/thebox/anaconda3/envs/marlo/lib/python3.6/importlib/_bootstrap.py:219: RuntimeWarning: to-Python converter for std::vector<unsigned char, std::allocator<unsigned char> > already registered; second conversion method ignored.
  return f(*args, **kwds)
/home/thebox/anaconda3/envs/marlo/lib/python3.6/importlib/_bootstrap.py:219: RuntimeWarning: to-Python converter for malmo::MissionException::MissionErrorCode already registered; second conversion method ignored.
  return f(*args, **kwds)
/home/thebox/anaconda3/envs/marlo/lib/python3.6/importlib/_bootstrap.py:219: RuntimeWarning: to-Python converter for malmo::Logger::LoggingSeverityLevel already registered; second conversion method ignored.
  return f(*args, **kwds)
/home/thebox/anaconda3/envs/marlo/lib/python3.6/importlib/_bootstrap.py:219: RuntimeWarning: to-Python converter for malmo::Logger::LoggingComponent already registered; second conversion method ignored.
  return f(*args, **kwds)
/home/thebox/anaconda3/envs/marlo/lib/python3.6/importlib/_bootstrap.py:219: RuntimeWarning: to-Python converter for malmo::MissionException already registered; second conversion method ignored.
  return f(*args, **kwds)
/home/thebox/anaconda3/envs/marlo/lib/python3.6/importlib/_bootstrap.py:219: RuntimeWarning: to-Python converter for malmo::WorldState already registered; second conversion method ignored.
  return f(*args, **kwds)
/home/thebox/anaconda3/envs/marlo/lib/python3.6/importlib/_bootstrap.py:219: RuntimeWarning: to-Python converter for malmo::AgentHost::VideoPolicy already registered; second conversion method ignored.
  return f(*args, **kwds)
/home/thebox/anaconda3/envs/marlo/lib/python3.6/importlib/_bootstrap.py:219: RuntimeWarning: to-Python converter for malmo::AgentHost::RewardsPolicy already registered; second conversion method ignored.
  return f(*args, **kwds)
/home/thebox/anaconda3/envs/marlo/lib/python3.6/importlib/_bootstrap.py:219: RuntimeWarning: to-Python converter for malmo::AgentHost::ObservationsPolicy already registered; second conversion method ignored.
  return f(*args, **kwds)
/home/thebox/anaconda3/envs/marlo/lib/python3.6/importlib/_bootstrap.py:219: RuntimeWarning: to-Python converter for malmo::MissionSpec already registered; second conversion method ignored.
  return f(*args, **kwds)
/home/thebox/anaconda3/envs/marlo/lib/python3.6/importlib/_bootstrap.py:219: RuntimeWarning: to-Python converter for malmo::MissionRecordSpec already registered; second conversion method ignored.
  return f(*args, **kwds)
/home/thebox/anaconda3/envs/marlo/lib/python3.6/importlib/_bootstrap.py:219: RuntimeWarning: to-Python converter for boost::shared_ptr<malmo::ClientInfo> already registered; second conversion method ignored.
  return f(*args, **kwds)
/home/thebox/anaconda3/envs/marlo/lib/python3.6/importlib/_bootstrap.py:219: RuntimeWarning: to-Python converter for malmo::ClientInfo already registered; second conversion method ignored.
  return f(*args, **kwds)
/home/thebox/anaconda3/envs/marlo/lib/python3.6/importlib/_bootstrap.py:219: RuntimeWarning: to-Python converter for std::vector<boost::shared_ptr<malmo::ClientInfo>, std::allocator<boost::shared_ptr<malmo::ClientInfo> > > already registered; second conversion method ignored.
  return f(*args, **kwds)
/home/thebox/anaconda3/envs/marlo/lib/python3.6/importlib/_bootstrap.py:219: RuntimeWarning: to-Python converter for malmo::ClientPool already registered; second conversion method ignored.
  return f(*args, **kwds)
/home/thebox/anaconda3/envs/marlo/lib/python3.6/importlib/_bootstrap.py:219: RuntimeWarning: to-Python converter for malmo::ParameterSet already registered; second conversion method ignored.
  return f(*args, **kwds)
/home/thebox/anaconda3/envs/marlo/lib/python3.6/importlib/_bootstrap.py:219: RuntimeWarning: to-Python converter for boost::shared_ptr<malmo::TimestampedString> already registered; second conversion method ignored.
  return f(*args, **kwds)
/home/thebox/anaconda3/envs/marlo/lib/python3.6/importlib/_bootstrap.py:219: RuntimeWarning: to-Python converter for malmo::TimestampedString already registered; second conversion method ignored.
  return f(*args, **kwds)
/home/thebox/anaconda3/envs/marlo/lib/python3.6/importlib/_bootstrap.py:219: RuntimeWarning: to-Python converter for boost::shared_ptr<malmo::TimestampedReward> already registered; second conversion method ignored.
  return f(*args, **kwds)
/home/thebox/anaconda3/envs/marlo/lib/python3.6/importlib/_bootstrap.py:219: RuntimeWarning: to-Python converter for malmo::TimestampedReward already registered; second conversion method ignored.
  return f(*args, **kwds)
/home/thebox/anaconda3/envs/marlo/lib/python3.6/importlib/_bootstrap.py:219: RuntimeWarning: to-Python converter for malmo::TimestampedVideoFrame::FrameType already registered; second conversion method ignored.
  return f(*args, **kwds)
/home/thebox/anaconda3/envs/marlo/lib/python3.6/importlib/_bootstrap.py:219: RuntimeWarning: to-Python converter for boost::shared_ptr<malmo::TimestampedVideoFrame> already registered; second conversion method ignored.
  return f(*args, **kwds)
/home/thebox/anaconda3/envs/marlo/lib/python3.6/importlib/_bootstrap.py:219: RuntimeWarning: to-Python converter for malmo::TimestampedVideoFrame already registered; second conversion method ignored.
  return f(*args, **kwds)
/home/thebox/anaconda3/envs/marlo/lib/python3.6/importlib/_bootstrap.py:219: RuntimeWarning: to-Python converter for std::vector<boost::shared_ptr<malmo::TimestampedString>, std::allocator<boost::shared_ptr<malmo::TimestampedString> > > already registered; second conversion method ignored.
  return f(*args, **kwds)
/home/thebox/anaconda3/envs/marlo/lib/python3.6/importlib/_bootstrap.py:219: RuntimeWarning: to-Python converter for std::vector<boost::shared_ptr<malmo::TimestampedReward>, std::allocator<boost::shared_ptr<malmo::TimestampedReward> > > already registered; second conversion method ignored.
  return f(*args, **kwds)
/home/thebox/anaconda3/envs/marlo/lib/python3.6/importlib/_bootstrap.py:219: RuntimeWarning: to-Python converter for std::vector<boost::shared_ptr<malmo::TimestampedVideoFrame>, std::allocator<boost::shared_ptr<malmo::TimestampedVideoFrame> > > already registered; second conversion method ignored.
  return f(*args, **kwds)
/home/thebox/anaconda3/envs/marlo/lib/python3.6/importlib/_bootstrap.py:219: RuntimeWarning: to-Python converter for std::vector<std::__cxx11::basic_string<char, std::char_traits<char>, std::allocator<char> >, std::allocator<std::__cxx11::basic_string<char, std::char_traits<char>, std::allocator<char> > > > already registered; second conversion method ignored.
  return f(*args, **kwds)
simple_dqn_bot.py:159: UserWarning: Update your `Conv2D` call to the Keras 2 API: `Conv2D(32, (8, 4))`
  model.add(Conv2D(32, 8, 4))
simple_dqn_bot.py:160: UserWarning: Update your `Conv2D` call to the Keras 2 API: `Conv2D(16, (4, 2))`
  model.add(Conv2D(16, 4, 2))
/home/thebox/.local/lib/python3.6/site-packages/numpy/core/fromnumeric.py:2920: RuntimeWarning: Mean of empty slice.
  out=out, **kwargs)
/home/thebox/.local/lib/python3.6/site-packages/numpy/core/_methods.py:85: RuntimeWarning: invalid value encountered in double_scalars
  ret = ret.dtype.type(ret / rcount)
Traceback (most recent call last):
  File "simple_dqn_bot.py", line 271, in <module>
    main()
  File "simple_dqn_bot.py", line 250, in main
    scores = trainAgent(env, myagent)
  File "simple_dqn_bot.py", line 77, in trainAgent
    agent.replay(randomBatch)
  File "simple_dqn_bot.py", line 211, in replay
    self.model.fit(np.asarray(x_train),np.asarray(y_train),epochs=1,verbose=0)
  File "/home/thebox/anaconda3/envs/marlo/lib/python3.6/site-packages/keras/engine/training.py", line 1039, in fit
    validation_steps=validation_steps)
  File "/home/thebox/anaconda3/envs/marlo/lib/python3.6/site-packages/keras/engine/training_arrays.py", line 199, in fit_loop
    outs = f(ins_batch)
  File "/home/thebox/anaconda3/envs/marlo/lib/python3.6/site-packages/keras/backend/tensorflow_backend.py", line 2715, in __call__
    return self._call(inputs)
  File "/home/thebox/anaconda3/envs/marlo/lib/python3.6/site-packages/keras/backend/tensorflow_backend.py", line 2675, in _call
    fetched = self._callable_fn(*array_vals)
  File "/home/thebox/.local/lib/python3.6/site-packages/tensorflow/python/client/session.py", line 1439, in __call__
    run_metadata_ptr)
  File "/home/thebox/.local/lib/python3.6/site-packages/tensorflow/python/framework/errors_impl.py", line 528, in __exit__
    c_api.TF_GetCode(self.status.status))
tensorflow.python.framework.errors_impl.InternalError: Dst tensor is not initialized.
	 [[{{node _arg_average_pooling2d_1_input_0_0/_61}} = _Recv[client_terminated=false, recv_device="/job:localhost/replica:0/task:0/device:GPU:0", send_device="/job:localhost/replica:0/task:0/device:CPU:0", send_device_incarnation=1, tensor_name="edge_512__arg_average_pooling2d_1_input_0_0", tensor_type=DT_FLOAT, _device="/job:localhost/replica:0/task:0/device:GPU:0"]()]]
	 [[{{node loss/mul/_85}} = _Recv[client_terminated=false, recv_device="/job:localhost/replica:0/task:0/device:CPU:0", send_device="/job:localhost/replica:0/task:0/device:GPU:0", send_device_incarnation=1, tensor_name="edge_521_loss/mul", tensor_type=DT_FLOAT, _device="/job:localhost/replica:0/task:0/device:CPU:0"]()]]
