INFO:marlo.base_env_builder:params.gameMode : Cannot force survival mode.
INFO:marlo.base_env_builder:params.gameMode : Cannot force survival mode.
INFO:marlo.base_env_builder:Waiting for mission to start...
INFO:marlo.base_env_builder:Mission Running
Starting goal step:  1  of game:  1  avg score:  nan
Random Action
INFO:marlo.base_env_builder:Agent missed 1 observation(s).
Starting goal step:  2  of game:  1  avg score:  nan
Random Action
INFO:marlo.base_env_builder:Agent missed 3 observation(s).
Starting goal step:  3  of game:  1  avg score:  nan
Random Action
INFO:marlo.base_env_builder:Agent missed 2 observation(s).
Starting goal step:  4  of game:  1  avg score:  nan
Random Action
INFO:marlo.base_env_builder:Agent missed 4 observation(s).
Starting goal step:  5  of game:  1  avg score:  nan
Random Action
INFO:marlo.base_env_builder:Agent missed 3 observation(s).
Starting goal step:  6  of game:  1  avg score:  nan
Random Action
INFO:marlo.base_env_builder:Agent missed 4 observation(s).
Starting goal step:  7  of game:  1  avg score:  nan
Random Action
INFO:marlo.base_env_builder:Agent missed 2 observation(s).
Starting goal step:  8  of game:  1  avg score:  nan
Random Action
INFO:marlo.base_env_builder:Agent missed 4 observation(s).
Starting goal step:  9  of game:  1  avg score:  nan
Random Action
INFO:marlo.base_env_builder:Agent missed 2 observation(s).
Starting goal step:  10  of game:  1  avg score:  nan
Random Action
INFO:marlo.base_env_builder:Agent missed 3 observation(s).
Starting goal step:  11  of game:  1  avg score:  nan
Random Action
INFO:marlo.base_env_builder:Agent missed 4 observation(s).
Starting goal step:  12  of game:  1  avg score:  nan
Random Action
INFO:marlo.base_env_builder:Agent missed 2 observation(s).
Starting goal step:  13  of game:  1  avg score:  nan
Random Action
INFO:marlo.base_env_builder:Agent missed 4 observation(s).
Starting goal step:  14  of game:  1  avg score:  nan
Random Action
INFO:marlo.base_env_builder:Agent missed 3 observation(s).
Starting goal step:  15  of game:  1  avg score:  nan
Random Action
INFO:marlo.base_env_builder:Agent missed 2 observation(s).
Starting goal step:  16  of game:  1  avg score:  nan
Random Action
INFO:marlo.base_env_builder:Agent missed 3 observation(s).
Starting goal step:  17  of game:  1  avg score:  nan
Random Action
INFO:marlo.base_env_builder:Agent missed 4 observation(s).
2018-12-11 10:43:32.427083: I tensorflow/core/platform/cpu_feature_guard.cc:141] Your CPU supports instructions that this TensorFlow binary was not compiled to use: AVX2 FMA
2018-12-11 10:43:32.547245: I tensorflow/stream_executor/cuda/cuda_gpu_executor.cc:964] successful NUMA node read from SysFS had negative value (-1), but there must be at least one NUMA node, so returning NUMA node zero
2018-12-11 10:43:32.547797: I tensorflow/core/common_runtime/gpu/gpu_device.cc:1432] Found device 0 with properties: 
name: GeForce GTX TITAN X major: 5 minor: 2 memoryClockRate(GHz): 1.076
pciBusID: 0000:01:00.0
totalMemory: 11.92GiB freeMemory: 11.79GiB
2018-12-11 10:43:32.547825: I tensorflow/core/common_runtime/gpu/gpu_device.cc:1511] Adding visible gpu devices: 0
2018-12-11 10:43:32.835368: I tensorflow/core/common_runtime/gpu/gpu_device.cc:982] Device interconnect StreamExecutor with strength 1 edge matrix:
2018-12-11 10:43:32.835419: I tensorflow/core/common_runtime/gpu/gpu_device.cc:988]      0 
2018-12-11 10:43:32.835428: I tensorflow/core/common_runtime/gpu/gpu_device.cc:1001] 0:   N 
2018-12-11 10:43:32.835686: I tensorflow/core/common_runtime/gpu/gpu_device.cc:1115] Created TensorFlow device (/job:localhost/replica:0/task:0/device:GPU:0 with 11412 MB memory) -> physical GPU (device: 0, name: GeForce GTX TITAN X, pci bus id: 0000:01:00.0, compute capability: 5.2)
Starting goal step:  18  of game:  1  avg score:  nan
Random Action
INFO:marlo.base_env_builder:Agent missed 49 observation(s).
Starting goal step:  19  of game:  1  avg score:  nan
Random Action
INFO:marlo.base_env_builder:Agent missed 8 observation(s).
Starting goal step:  20  of game:  1  avg score:  nan
Random Action
INFO:marlo.base_env_builder:Agent missed 9 observation(s).
Starting goal step:  21  of game:  1  avg score:  nan
Random Action
INFO:marlo.base_env_builder:Agent missed 8 observation(s).
Starting goal step:  22  of game:  1  avg score:  nan
Random Action
INFO:marlo.base_env_builder:Agent missed 8 observation(s).
Starting goal step:  23  of game:  1  avg score:  nan
Random Action
INFO:marlo.base_env_builder:Agent missed 9 observation(s).
Starting goal step:  24  of game:  1  avg score:  nan
Random Action
INFO:marlo.base_env_builder:Agent missed 8 observation(s).
Starting goal step:  25  of game:  1  avg score:  nan
Random Action
INFO:marlo.base_env_builder:Agent missed 9 observation(s).
Starting goal step:  26  of game:  1  avg score:  nan
Random Action
INFO:marlo.base_env_builder:Agent missed 9 observation(s).
Starting goal step:  27  of game:  1  avg score:  nan
Random Action
INFO:marlo.base_env_builder:Agent missed 8 observation(s).
Starting goal step:  28  of game:  1  avg score:  nan
Random Action
INFO:marlo.base_env_builder:Agent missed 9 observation(s).
Starting goal step:  29  of game:  1  avg score:  nan
Random Action
INFO:marlo.base_env_builder:Agent missed 9 observation(s).
Starting goal step:  30  of game:  1  avg score:  nan
Random Action
INFO:marlo.base_env_builder:Agent missed 9 observation(s).
Starting goal step:  31  of game:  1  avg score:  nan
Random Action
INFO:marlo.base_env_builder:Agent missed 8 observation(s).
Starting goal step:  32  of game:  1  avg score:  nan
Random Action
INFO:marlo.base_env_builder:Agent missed 8 observation(s).
Starting goal step:  33  of game:  1  avg score:  nan
Random Action
INFO:marlo.base_env_builder:Agent missed 8 observation(s).
Starting goal step:  34  of game:  1  avg score:  nan
Random Action
INFO:marlo.base_env_builder:Agent missed 7 observation(s).
Starting goal step:  35  of game:  1  avg score:  nan
Random Action
INFO:marlo.base_env_builder:Agent missed 8 observation(s).
Starting goal step:  36  of game:  1  avg score:  nan
Random Action
INFO:marlo.base_env_builder:Agent missed 9 observation(s).
Starting goal step:  37  of game:  1  avg score:  nan
Random Action
INFO:marlo.base_env_builder:Agent missed 9 observation(s).
Starting goal step:  38  of game:  1  avg score:  nan
Random Action
INFO:marlo.base_env_builder:Agent missed 8 observation(s).
Starting goal step:  39  of game:  1  avg score:  nan
Random Action
INFO:marlo.base_env_builder:Agent missed 8 observation(s).
Starting goal step:  40  of game:  1  avg score:  nan
Random Action
INFO:marlo.base_env_builder:Agent missed 9 observation(s).
Starting goal step:  41  of game:  1  avg score:  nan
Random Action
INFO:marlo.base_env_builder:Agent missed 8 observation(s).
Starting goal step:  42  of game:  1  avg score:  nan
Random Action
INFO:marlo.base_env_builder:Agent missed 8 observation(s).
Starting goal step:  43  of game:  1  avg score:  nan
Random Action
INFO:marlo.base_env_builder:Agent missed 8 observation(s).
Starting goal step:  44  of game:  1  avg score:  nan
Random Action
INFO:marlo.base_env_builder:Agent missed 8 observation(s).
Starting goal step:  45  of game:  1  avg score:  nan
Random Action
INFO:marlo.base_env_builder:Agent missed 9 observation(s).
Starting goal step:  46  of game:  1  avg score:  nan
Random Action
INFO:marlo.base_env_builder:Agent missed 9 observation(s).
Starting goal step:  47  of game:  1  avg score:  nan
Random Action
INFO:marlo.base_env_builder:Agent missed 8 observation(s).
Starting goal step:  48  of game:  1  avg score:  nan
Random Action
INFO:marlo.base_env_builder:Agent missed 8 observation(s).
Starting goal step:  49  of game:  1  avg score:  nan
Random Action
INFO:marlo.base_env_builder:Agent missed 8 observation(s).
Starting goal step:  50  of game:  1  avg score:  nan
Random Action
INFO:marlo.base_env_builder:Agent missed 8 observation(s).
Starting goal step:  51  of game:  1  avg score:  nan
Random Action
INFO:marlo.base_env_builder:Agent missed 8 observation(s).
Starting goal step:  52  of game:  1  avg score:  nan
Random Action
INFO:marlo.base_env_builder:Agent missed 9 observation(s).
Starting goal step:  53  of game:  1  avg score:  nan
Random Action
INFO:marlo.base_env_builder:Agent missed 8 observation(s).
Starting goal step:  54  of game:  1  avg score:  nan
Random Action
INFO:marlo.base_env_builder:Agent missed 8 observation(s).
Starting goal step:  55  of game:  1  avg score:  nan
Random Action
INFO:marlo.base_env_builder:Agent missed 8 observation(s).
Starting goal step:  56  of game:  1  avg score:  nan
Random Action
INFO:marlo.base_env_builder:Agent missed 8 observation(s).
Starting goal step:  57  of game:  1  avg score:  nan
Random Action
INFO:marlo.base_env_builder:Agent missed 9 observation(s).
Starting goal step:  58  of game:  1  avg score:  nan
Random Action
INFO:marlo.base_env_builder:Agent missed 9 observation(s).
Starting goal step:  59  of game:  1  avg score:  nan
Random Action
INFO:marlo.base_env_builder:Agent missed 8 observation(s).
Starting goal step:  60  of game:  1  avg score:  nan
Random Action
INFO:marlo.base_env_builder:Agent missed 8 observation(s).
Starting goal step:  61  of game:  1  avg score:  nan
Random Action
INFO:marlo.base_env_builder:Agent missed 10 observation(s).
Starting goal step:  62  of game:  1  avg score:  nan
Random Action
INFO:marlo.base_env_builder:Agent missed 9 observation(s).
Starting goal step:  63  of game:  1  avg score:  nan
Random Action
INFO:marlo.base_env_builder:Agent missed 7 observation(s).
Starting goal step:  64  of game:  1  avg score:  nan
Random Action
INFO:marlo.base_env_builder:Agent missed 8 observation(s).
Starting goal step:  65  of game:  1  avg score:  nan
Random Action
INFO:marlo.base_env_builder:Agent missed 9 observation(s).
Starting goal step:  66  of game:  1  avg score:  nan
Random Action
INFO:marlo.base_env_builder:Agent missed 9 observation(s).
Starting goal step:  67  of game:  1  avg score:  nan
Random Action
INFO:marlo.base_env_builder:Agent missed 8 observation(s).
Starting goal step:  68  of game:  1  avg score:  nan
Random Action
INFO:marlo.base_env_builder:Agent missed 8 observation(s).
Starting goal step:  69  of game:  1  avg score:  nan
Random Action
INFO:marlo.base_env_builder:Agent missed 8 observation(s).
Starting goal step:  70  of game:  1  avg score:  nan
Random Action
INFO:marlo.base_env_builder:Agent missed 10 observation(s).
Starting goal step:  71  of game:  1  avg score:  nan
Random Action
INFO:marlo.base_env_builder:Agent missed 8 observation(s).
Starting goal step:  72  of game:  1  avg score:  nan
Random Action
INFO:marlo.base_env_builder:Agent missed 9 observation(s).
Starting goal step:  73  of game:  1  avg score:  nan
Random Action
INFO:marlo.base_env_builder:Agent missed 8 observation(s).
Starting goal step:  74  of game:  1  avg score:  nan
Random Action
INFO:marlo.base_env_builder:Agent missed 7 observation(s).
Starting goal step:  75  of game:  1  avg score:  nan
Random Action
INFO:marlo.base_env_builder:Agent missed 7 observation(s).
Starting goal step:  76  of game:  1  avg score:  nan
Random Action
INFO:marlo.base_env_builder:Agent missed 11 observation(s).
Starting goal step:  77  of game:  1  avg score:  nan
Random Action
INFO:marlo.base_env_builder:Agent missed 7 observation(s).
Starting goal step:  78  of game:  1  avg score:  nan
Random Action
INFO:marlo.base_env_builder:Agent missed 8 observation(s).
Starting goal step:  79  of game:  1  avg score:  nan
Random Action
INFO:marlo.base_env_builder:Agent missed 9 observation(s).
Starting goal step:  80  of game:  1  avg score:  nan
Random Action
INFO:marlo.base_env_builder:Agent missed 8 observation(s).
Starting goal step:  81  of game:  1  avg score:  nan
Random Action
INFO:marlo.base_env_builder:Agent missed 9 observation(s).
Starting goal step:  82  of game:  1  avg score:  nan
Random Action
INFO:marlo.base_env_builder:Agent missed 9 observation(s).
Starting goal step:  83  of game:  1  avg score:  nan
Random Action
INFO:marlo.base_env_builder:Agent missed 8 observation(s).
Starting goal step:  84  of game:  1  avg score:  nan
Random Action
INFO:marlo.base_env_builder:Agent missed 9 observation(s).
Starting goal step:  85  of game:  1  avg score:  nan
Random Action
INFO:marlo.base_env_builder:Agent missed 9 observation(s).
Starting goal step:  86  of game:  1  avg score:  nan
Random Action
INFO:marlo.base_env_builder:Agent missed 9 observation(s).
Starting goal step:  87  of game:  1  avg score:  nan
Random Action
INFO:marlo.base_env_builder:Agent missed 7 observation(s).
Starting goal step:  88  of game:  1  avg score:  nan
Random Action
INFO:marlo.base_env_builder:Agent missed 9 observation(s).
Starting goal step:  89  of game:  1  avg score:  nan
Random Action
INFO:marlo.base_env_builder:Agent missed 8 observation(s).
Starting goal step:  90  of game:  1  avg score:  nan
Random Action
INFO:marlo.base_env_builder:Agent missed 9 observation(s).
Starting goal step:  91  of game:  1  avg score:  nan
Random Action
INFO:marlo.base_env_builder:Agent missed 8 observation(s).
Starting goal step:  92  of game:  1  avg score:  nan
Random Action
INFO:marlo.base_env_builder:Agent missed 9 observation(s).
Starting goal step:  93  of game:  1  avg score:  nan
Random Action
INFO:marlo.base_env_builder:Agent missed 8 observation(s).
Starting goal step:  94  of game:  1  avg score:  nan
Random Action
INFO:marlo.base_env_builder:Agent missed 9 observation(s).
Starting goal step:  95  of game:  1  avg score:  nan
Random Action
INFO:marlo.base_env_builder:Agent missed 8 observation(s).
Starting goal step:  96  of game:  1  avg score:  nan
Random Action
INFO:marlo.base_env_builder:Agent missed 9 observation(s).
Starting goal step:  97  of game:  1  avg score:  nan
Random Action
INFO:marlo.base_env_builder:Agent missed 8 observation(s).
Starting goal step:  98  of game:  1  avg score:  nan
Random Action
INFO:marlo.base_env_builder:Agent missed 8 observation(s).
Starting goal step:  99  of game:  1  avg score:  nan
Random Action
INFO:marlo.base_env_builder:Agent missed 9 observation(s).
Starting goal step:  100  of game:  1  avg score:  nan
Random Action
INFO:marlo.base_env_builder:Agent missed 8 observation(s).
WARNING:marlo.base_env_builder:Error on attempting to start mission : A mission is already running.
WARNING:marlo.base_env_builder:Will attempt again after 3 seconds.
INFO:marlo.base_env_builder:Waiting for mission to start...
INFO:marlo.base_env_builder:Mission Running
Starting goal step:  1  of game:  2  avg score:  nan
Random Action
INFO:marlo.base_env_builder:Agent missed 3 observation(s).
Starting goal step:  2  of game:  2  avg score:  nan
Random Action
INFO:marlo.base_env_builder:Agent missed 8 observation(s).
Starting goal step:  3  of game:  2  avg score:  nan
Random Action
INFO:marlo.base_env_builder:Agent missed 8 observation(s).
Starting goal step:  4  of game:  2  avg score:  nan
Random Action
INFO:marlo.base_env_builder:Agent missed 9 observation(s).
Starting goal step:  5  of game:  2  avg score:  nan
Random Action
INFO:marlo.base_env_builder:Agent missed 8 observation(s).
Starting goal step:  6  of game:  2  avg score:  nan
Random Action
INFO:marlo.base_env_builder:Agent missed 9 observation(s).
Starting goal step:  7  of game:  2  avg score:  nan
Random Action
INFO:marlo.base_env_builder:Agent missed 7 observation(s).
Starting goal step:  8  of game:  2  avg score:  nan
Random Action
INFO:marlo.base_env_builder:Agent missed 9 observation(s).
Starting goal step:  9  of game:  2  avg score:  nan
Random Action
INFO:marlo.base_env_builder:Agent missed 9 observation(s).
Starting goal step:  10  of game:  2  avg score:  nan
Random Action
INFO:marlo.base_env_builder:Agent missed 9 observation(s).
Starting goal step:  11  of game:  2  avg score:  nan
Random Action
INFO:marlo.base_env_builder:Agent missed 8 observation(s).
Starting goal step:  12  of game:  2  avg score:  nan
Random Action
INFO:marlo.base_env_builder:Agent missed 9 observation(s).
Starting goal step:  13  of game:  2  avg score:  nan
Random Action
INFO:marlo.base_env_builder:Agent missed 7 observation(s).
Starting goal step:  14  of game:  2  avg score:  nan
Random Action
INFO:marlo.base_env_builder:Agent missed 10 observation(s).
Starting goal step:  15  of game:  2  avg score:  nan
Random Action
INFO:marlo.base_env_builder:Agent missed 8 observation(s).
Starting goal step:  16  of game:  2  avg score:  nan
Random Action
INFO:marlo.base_env_builder:Agent missed 7 observation(s).
Starting goal step:  17  of game:  2  avg score:  nan
Random Action
INFO:marlo.base_env_builder:Agent missed 8 observation(s).
Starting goal step:  18  of game:  2  avg score:  nan
Random Action
INFO:marlo.base_env_builder:Agent missed 9 observation(s).
Starting goal step:  19  of game:  2  avg score:  nan
Random Action
INFO:marlo.base_env_builder:Agent missed 8 observation(s).
Starting goal step:  20  of game:  2  avg score:  nan
Random Action
INFO:marlo.base_env_builder:Agent missed 8 observation(s).
Starting goal step:  21  of game:  2  avg score:  nan
Random Action
INFO:marlo.base_env_builder:Agent missed 9 observation(s).
Starting goal step:  22  of game:  2  avg score:  nan
Random Action
INFO:marlo.base_env_builder:Agent missed 8 observation(s).
Starting goal step:  23  of game:  2  avg score:  nan
Random Action
INFO:marlo.base_env_builder:Agent missed 8 observation(s).
Starting goal step:  24  of game:  2  avg score:  nan
Random Action
INFO:marlo.base_env_builder:Agent missed 10 observation(s).
Starting goal step:  25  of game:  2  avg score:  nan
Random Action
INFO:marlo.base_env_builder:Agent missed 7 observation(s).
Starting goal step:  26  of game:  2  avg score:  nan
Random Action
INFO:marlo.base_env_builder:Agent missed 8 observation(s).
Starting goal step:  27  of game:  2  avg score:  nan
Random Action
INFO:marlo.base_env_builder:Agent missed 8 observation(s).
Starting goal step:  28  of game:  2  avg score:  nan
Random Action
INFO:marlo.base_env_builder:Agent missed 8 observation(s).
Starting goal step:  29  of game:  2  avg score:  nan
Random Action
INFO:marlo.base_env_builder:Agent missed 9 observation(s).
Starting goal step:  30  of game:  2  avg score:  nan
Random Action
INFO:marlo.base_env_builder:Agent missed 8 observation(s).
Starting goal step:  31  of game:  2  avg score:  nan
Random Action
INFO:marlo.base_env_builder:Agent missed 8 observation(s).
Starting goal step:  32  of game:  2  avg score:  nan
Random Action
INFO:marlo.base_env_builder:Agent missed 9 observation(s).
Starting goal step:  33  of game:  2  avg score:  nan
Random Action
INFO:marlo.base_env_builder:Agent missed 8 observation(s).
Starting goal step:  34  of game:  2  avg score:  nan
Random Action
INFO:marlo.base_env_builder:Mission ended: found_goal
INFO:marlo.base_env_builder:Agent missed 6 observation(s).
Game:  1  complete, score:  -0.3300000000000001  last 50 scores avg:  nan  epsilon  0.999
INFO:marlo.base_env_builder:Waiting for mission to start...
INFO:marlo.base_env_builder:Mission Running
Starting goal step:  1  of game:  3  avg score:  -0.3300000000000001
Random Action
INFO:marlo.base_env_builder:Agent missed 3 observation(s).
Starting goal step:  2  of game:  3  avg score:  -0.3300000000000001
Random Action
INFO:marlo.base_env_builder:Agent missed 8 observation(s).
Starting goal step:  3  of game:  3  avg score:  -0.3300000000000001
Random Action
INFO:marlo.base_env_builder:Agent missed 9 observation(s).
Starting goal step:  4  of game:  3  avg score:  -0.3300000000000001
Random Action
INFO:marlo.base_env_builder:Agent missed 7 observation(s).
Starting goal step:  5  of game:  3  avg score:  -0.3300000000000001
Random Action
INFO:marlo.base_env_builder:Agent missed 9 observation(s).
Starting goal step:  6  of game:  3  avg score:  -0.3300000000000001
Random Action
INFO:marlo.base_env_builder:Agent missed 9 observation(s).
Starting goal step:  7  of game:  3  avg score:  -0.3300000000000001
Random Action
INFO:marlo.base_env_builder:Agent missed 8 observation(s).
Starting goal step:  8  of game:  3  avg score:  -0.3300000000000001
Random Action
INFO:marlo.base_env_builder:Agent missed 8 observation(s).
Starting goal step:  9  of game:  3  avg score:  -0.3300000000000001
Random Action
INFO:marlo.base_env_builder:Agent missed 9 observation(s).
Starting goal step:  10  of game:  3  avg score:  -0.3300000000000001
Random Action
INFO:marlo.base_env_builder:Agent missed 9 observation(s).
Starting goal step:  11  of game:  3  avg score:  -0.3300000000000001
Random Action
INFO:marlo.base_env_builder:Agent missed 9 observation(s).
Starting goal step:  12  of game:  3  avg score:  -0.3300000000000001
Random Action
INFO:marlo.base_env_builder:Agent missed 9 observation(s).
Starting goal step:  13  of game:  3  avg score:  -0.3300000000000001
Random Action
INFO:marlo.base_env_builder:Agent missed 7 observation(s).
Starting goal step:  14  of game:  3  avg score:  -0.3300000000000001
Random Action
INFO:marlo.base_env_builder:Agent missed 9 observation(s).
Starting goal step:  15  of game:  3  avg score:  -0.3300000000000001
Random Action
INFO:marlo.base_env_builder:Agent missed 9 observation(s).
Starting goal step:  16  of game:  3  avg score:  -0.3300000000000001
Random Action
INFO:marlo.base_env_builder:Agent missed 8 observation(s).
Starting goal step:  17  of game:  3  avg score:  -0.3300000000000001
Random Action
INFO:marlo.base_env_builder:Agent missed 8 observation(s).
Starting goal step:  18  of game:  3  avg score:  -0.3300000000000001
Random Action
INFO:marlo.base_env_builder:Agent missed 9 observation(s).
Starting goal step:  19  of game:  3  avg score:  -0.3300000000000001
Random Action
INFO:marlo.base_env_builder:Agent missed 9 observation(s).
Starting goal step:  20  of game:  3  avg score:  -0.3300000000000001
Random Action
INFO:marlo.base_env_builder:Agent missed 9 observation(s).
Starting goal step:  21  of game:  3  avg score:  -0.3300000000000001
Random Action
INFO:marlo.base_env_builder:Agent missed 8 observation(s).
Starting goal step:  22  of game:  3  avg score:  -0.3300000000000001
Random Action
INFO:marlo.base_env_builder:Agent missed 8 observation(s).
Starting goal step:  23  of game:  3  avg score:  -0.3300000000000001
Random Action
INFO:marlo.base_env_builder:Agent missed 7 observation(s).
Starting goal step:  24  of game:  3  avg score:  -0.3300000000000001
Random Action
INFO:marlo.base_env_builder:Agent missed 10 observation(s).
Starting goal step:  25  of game:  3  avg score:  -0.3300000000000001
Random Action
INFO:marlo.base_env_builder:Agent missed 9 observation(s).
Starting goal step:  26  of game:  3  avg score:  -0.3300000000000001
Random Action
INFO:marlo.base_env_builder:Agent missed 7 observation(s).
Starting goal step:  27  of game:  3  avg score:  -0.3300000000000001
Random Action
INFO:marlo.base_env_builder:Agent missed 9 observation(s).
Starting goal step:  28  of game:  3  avg score:  -0.3300000000000001
Random Action
INFO:marlo.base_env_builder:Agent missed 8 observation(s).
Starting goal step:  29  of game:  3  avg score:  -0.3300000000000001
Random Action
INFO:marlo.base_env_builder:Agent missed 7 observation(s).
Starting goal step:  30  of game:  3  avg score:  -0.3300000000000001
Random Action
INFO:marlo.base_env_builder:Agent missed 8 observation(s).
Starting goal step:  31  of game:  3  avg score:  -0.3300000000000001
Random Action
INFO:marlo.base_env_builder:Agent missed 9 observation(s).
Starting goal step:  32  of game:  3  avg score:  -0.3300000000000001
Random Action
INFO:marlo.base_env_builder:Agent missed 9 observation(s).
Starting goal step:  33  of game:  3  avg score:  -0.3300000000000001
Random Action
INFO:marlo.base_env_builder:Agent missed 8 observation(s).
Starting goal step:  34  of game:  3  avg score:  -0.3300000000000001
Random Action
INFO:marlo.base_env_builder:Agent missed 9 observation(s).
Starting goal step:  35  of game:  3  avg score:  -0.3300000000000001
Random Action
INFO:marlo.base_env_builder:Agent missed 8 observation(s).
Starting goal step:  36  of game:  3  avg score:  -0.3300000000000001
Random Action
INFO:marlo.base_env_builder:Agent missed 9 observation(s).
Starting goal step:  37  of game:  3  avg score:  -0.3300000000000001
Random Action
INFO:marlo.base_env_builder:Agent missed 8 observation(s).
Starting goal step:  38  of game:  3  avg score:  -0.3300000000000001
Random Action
INFO:marlo.base_env_builder:Mission ended: found_goal
INFO:marlo.base_env_builder:Agent missed 5 observation(s).
Game:  2  complete, score:  -0.37000000000000016  last 50 scores avg:  -0.3300000000000001  epsilon  0.998001
INFO:marlo.base_env_builder:Waiting for mission to start...
INFO:marlo.base_env_builder:Mission Running
Starting goal step:  1  of game:  4  avg score:  -0.35000000000000014
Random Action
INFO:marlo.base_env_builder:Agent missed 8 observation(s).
Starting goal step:  2  of game:  4  avg score:  -0.35000000000000014
Random Action
INFO:marlo.base_env_builder:Agent missed 10 observation(s).
Starting goal step:  3  of game:  4  avg score:  -0.35000000000000014
Random Action
INFO:marlo.base_env_builder:Agent missed 8 observation(s).
Starting goal step:  4  of game:  4  avg score:  -0.35000000000000014
Random Action
INFO:marlo.base_env_builder:Agent missed 9 observation(s).
Starting goal step:  5  of game:  4  avg score:  -0.35000000000000014
Random Action
INFO:marlo.base_env_builder:Agent missed 9 observation(s).
Starting goal step:  6  of game:  4  avg score:  -0.35000000000000014
Random Action
INFO:marlo.base_env_builder:Agent missed 8 observation(s).
Starting goal step:  7  of game:  4  avg score:  -0.35000000000000014
Random Action
INFO:marlo.base_env_builder:Agent missed 7 observation(s).
Starting goal step:  8  of game:  4  avg score:  -0.35000000000000014
Random Action
INFO:marlo.base_env_builder:Agent missed 9 observation(s).
Starting goal step:  9  of game:  4  avg score:  -0.35000000000000014
Random Action
INFO:marlo.base_env_builder:Agent missed 8 observation(s).
Starting goal step:  10  of game:  4  avg score:  -0.35000000000000014
Random Action
INFO:marlo.base_env_builder:Agent missed 9 observation(s).
Starting goal step:  11  of game:  4  avg score:  -0.35000000000000014
Random Action
INFO:marlo.base_env_builder:Agent missed 8 observation(s).
Starting goal step:  12  of game:  4  avg score:  -0.35000000000000014
Random Action
INFO:marlo.base_env_builder:Agent missed 10 observation(s).
Starting goal step:  13  of game:  4  avg score:  -0.35000000000000014
Random Action
INFO:marlo.base_env_builder:Agent missed 8 observation(s).
Starting goal step:  14  of game:  4  avg score:  -0.35000000000000014
Random Action
INFO:marlo.base_env_builder:Agent missed 8 observation(s).
Starting goal step:  15  of game:  4  avg score:  -0.35000000000000014
Random Action
INFO:marlo.base_env_builder:Agent missed 9 observation(s).
Starting goal step:  16  of game:  4  avg score:  -0.35000000000000014
Random Action
INFO:marlo.base_env_builder:Agent missed 9 observation(s).
Starting goal step:  17  of game:  4  avg score:  -0.35000000000000014
Random Action
INFO:marlo.base_env_builder:Agent missed 8 observation(s).
Starting goal step:  18  of game:  4  avg score:  -0.35000000000000014
Random Action
INFO:marlo.base_env_builder:Agent missed 8 observation(s).
Starting goal step:  19  of game:  4  avg score:  -0.35000000000000014
Random Action
INFO:marlo.base_env_builder:Agent missed 9 observation(s).
Starting goal step:  20  of game:  4  avg score:  -0.35000000000000014
Random Action
INFO:marlo.base_env_builder:Agent missed 9 observation(s).
Starting goal step:  21  of game:  4  avg score:  -0.35000000000000014
Random Action
INFO:marlo.base_env_builder:Agent missed 8 observation(s).
Starting goal step:  22  of game:  4  avg score:  -0.35000000000000014
Random Action
INFO:marlo.base_env_builder:Agent missed 8 observation(s).
Starting goal step:  23  of game:  4  avg score:  -0.35000000000000014
Random Action
INFO:marlo.base_env_builder:Agent missed 9 observation(s).
Starting goal step:  24  of game:  4  avg score:  -0.35000000000000014
Random Action
INFO:marlo.base_env_builder:Agent missed 8 observation(s).
Starting goal step:  25  of game:  4  avg score:  -0.35000000000000014
Random Action
INFO:marlo.base_env_builder:Agent missed 9 observation(s).
Starting goal step:  26  of game:  4  avg score:  -0.35000000000000014
Random Action
INFO:marlo.base_env_builder:Agent missed 9 observation(s).
Starting goal step:  27  of game:  4  avg score:  -0.35000000000000014
Random Action
INFO:marlo.base_env_builder:Agent missed 9 observation(s).
Starting goal step:  28  of game:  4  avg score:  -0.35000000000000014
Random Action
INFO:marlo.base_env_builder:Agent missed 9 observation(s).
Starting goal step:  29  of game:  4  avg score:  -0.35000000000000014
INFO:marlo.base_env_builder:Agent missed 8 observation(s).
Starting goal step:  30  of game:  4  avg score:  -0.35000000000000014
Random Action
INFO:marlo.base_env_builder:Agent missed 9 observation(s).
Starting goal step:  31  of game:  4  avg score:  -0.35000000000000014
Random Action
INFO:marlo.base_env_builder:Agent missed 7 observation(s).
Starting goal step:  32  of game:  4  avg score:  -0.35000000000000014
Random Action
INFO:marlo.base_env_builder:Agent missed 8 observation(s).
Starting goal step:  33  of game:  4  avg score:  -0.35000000000000014
Random Action
INFO:marlo.base_env_builder:Agent missed 9 observation(s).
Starting goal step:  34  of game:  4  avg score:  -0.35000000000000014
Random Action
INFO:marlo.base_env_builder:Agent missed 9 observation(s).
Starting goal step:  35  of game:  4  avg score:  -0.35000000000000014
Random Action
INFO:marlo.base_env_builder:Agent missed 8 observation(s).
Starting goal step:  36  of game:  4  avg score:  -0.35000000000000014
Random Action
INFO:marlo.base_env_builder:Agent missed 8 observation(s).
Starting goal step:  37  of game:  4  avg score:  -0.35000000000000014
Random Action
INFO:marlo.base_env_builder:Agent missed 10 observation(s).
Starting goal step:  38  of game:  4  avg score:  -0.35000000000000014
Random Action
INFO:marlo.base_env_builder:Agent missed 7 observation(s).
Starting goal step:  39  of game:  4  avg score:  -0.35000000000000014
Random Action
INFO:marlo.base_env_builder:Agent missed 8 observation(s).
Starting goal step:  40  of game:  4  avg score:  -0.35000000000000014
Random Action
INFO:marlo.base_env_builder:Agent missed 10 observation(s).
Starting goal step:  41  of game:  4  avg score:  -0.35000000000000014
Random Action
INFO:marlo.base_env_builder:Agent missed 8 observation(s).
Starting goal step:  42  of game:  4  avg score:  -0.35000000000000014
Random Action
INFO:marlo.base_env_builder:Agent missed 8 observation(s).
Starting goal step:  43  of game:  4  avg score:  -0.35000000000000014
Random Action
INFO:marlo.base_env_builder:Agent missed 9 observation(s).
Starting goal step:  44  of game:  4  avg score:  -0.35000000000000014
Random Action
INFO:marlo.base_env_builder:Agent missed 8 observation(s).
Starting goal step:  45  of game:  4  avg score:  -0.35000000000000014
Random Action
INFO:marlo.base_env_builder:Agent missed 10 observation(s).
Starting goal step:  46  of game:  4  avg score:  -0.35000000000000014
Random Action
INFO:marlo.base_env_builder:Agent missed 8 observation(s).
Starting goal step:  47  of game:  4  avg score:  -0.35000000000000014
Random Action
INFO:marlo.base_env_builder:Mission ended: found_goal
INFO:marlo.base_env_builder:Agent missed 6 observation(s).
Game:  3  complete, score:  -0.46000000000000024  last 50 scores avg:  -0.35000000000000014  epsilon  0.997002999
INFO:marlo.base_env_builder:Waiting for mission to start...
INFO:marlo.base_env_builder:Mission Running
Starting goal step:  1  of game:  5  avg score:  -0.3866666666666669
Random Action
INFO:marlo.base_env_builder:Agent missed 2 observation(s).
Starting goal step:  2  of game:  5  avg score:  -0.3866666666666669
Random Action
INFO:marlo.base_env_builder:Agent missed 8 observation(s).
Starting goal step:  3  of game:  5  avg score:  -0.3866666666666669
Random Action
INFO:marlo.base_env_builder:Agent missed 8 observation(s).
Starting goal step:  4  of game:  5  avg score:  -0.3866666666666669
Random Action
INFO:marlo.base_env_builder:Agent missed 8 observation(s).
Starting goal step:  5  of game:  5  avg score:  -0.3866666666666669
INFO:marlo.base_env_builder:Agent missed 11 observation(s).
Starting goal step:  6  of game:  5  avg score:  -0.3866666666666669
Random Action
INFO:marlo.base_env_builder:Agent missed 8 observation(s).
Starting goal step:  7  of game:  5  avg score:  -0.3866666666666669
Random Action
INFO:marlo.base_env_builder:Agent missed 9 observation(s).
Starting goal step:  8  of game:  5  avg score:  -0.3866666666666669
Random Action
INFO:marlo.base_env_builder:Agent missed 8 observation(s).
Starting goal step:  9  of game:  5  avg score:  -0.3866666666666669
Random Action
INFO:marlo.base_env_builder:Agent missed 9 observation(s).
Starting goal step:  10  of game:  5  avg score:  -0.3866666666666669
Random Action
INFO:marlo.base_env_builder:Agent missed 8 observation(s).
Starting goal step:  11  of game:  5  avg score:  -0.3866666666666669
Random Action
INFO:marlo.base_env_builder:Agent missed 8 observation(s).
Starting goal step:  12  of game:  5  avg score:  -0.3866666666666669
Random Action
INFO:marlo.base_env_builder:Agent missed 9 observation(s).
Starting goal step:  13  of game:  5  avg score:  -0.3866666666666669
Random Action
INFO:marlo.base_env_builder:Agent missed 8 observation(s).
Starting goal step:  14  of game:  5  avg score:  -0.3866666666666669
Random Action
INFO:marlo.base_env_builder:Agent missed 9 observation(s).
Starting goal step:  15  of game:  5  avg score:  -0.3866666666666669
Random Action
INFO:marlo.base_env_builder:Agent missed 8 observation(s).
Starting goal step:  16  of game:  5  avg score:  -0.3866666666666669
Random Action
INFO:marlo.base_env_builder:Agent missed 9 observation(s).
Starting goal step:  17  of game:  5  avg score:  -0.3866666666666669
Random Action
INFO:marlo.base_env_builder:Agent missed 8 observation(s).
Starting goal step:  18  of game:  5  avg score:  -0.3866666666666669
Random Action
INFO:marlo.base_env_builder:Agent missed 9 observation(s).
Starting goal step:  19  of game:  5  avg score:  -0.3866666666666669
Random Action
INFO:marlo.base_env_builder:Agent missed 8 observation(s).
Starting goal step:  20  of game:  5  avg score:  -0.3866666666666669
Random Action
INFO:marlo.base_env_builder:Agent missed 10 observation(s).
Starting goal step:  21  of game:  5  avg score:  -0.3866666666666669
Random Action
INFO:marlo.base_env_builder:Agent missed 9 observation(s).
Starting goal step:  22  of game:  5  avg score:  -0.3866666666666669
Random Action
INFO:marlo.base_env_builder:Agent missed 8 observation(s).
Starting goal step:  23  of game:  5  avg score:  -0.3866666666666669
Random Action
INFO:marlo.base_env_builder:Agent missed 8 observation(s).
Starting goal step:  24  of game:  5  avg score:  -0.3866666666666669
Random Action
INFO:marlo.base_env_builder:Agent missed 9 observation(s).
Starting goal step:  25  of game:  5  avg score:  -0.3866666666666669
Random Action
INFO:marlo.base_env_builder:Agent missed 8 observation(s).
Starting goal step:  26  of game:  5  avg score:  -0.3866666666666669
Random Action
INFO:marlo.base_env_builder:Agent missed 8 observation(s).
Starting goal step:  27  of game:  5  avg score:  -0.3866666666666669
Random Action
INFO:marlo.base_env_builder:Agent missed 8 observation(s).
Starting goal step:  28  of game:  5  avg score:  -0.3866666666666669
Random Action
INFO:marlo.base_env_builder:Agent missed 8 observation(s).
Starting goal step:  29  of game:  5  avg score:  -0.3866666666666669
Random Action
INFO:marlo.base_env_builder:Agent missed 8 observation(s).
Starting goal step:  30  of game:  5  avg score:  -0.3866666666666669
Random Action
INFO:marlo.base_env_builder:Agent missed 10 observation(s).
Starting goal step:  31  of game:  5  avg score:  -0.3866666666666669
Random Action
INFO:marlo.base_env_builder:Agent missed 8 observation(s).
Starting goal step:  32  of game:  5  avg score:  -0.3866666666666669
Random Action
INFO:marlo.base_env_builder:Agent missed 9 observation(s).
Starting goal step:  33  of game:  5  avg score:  -0.3866666666666669
Random Action
INFO:marlo.base_env_builder:Agent missed 8 observation(s).
Starting goal step:  34  of game:  5  avg score:  -0.3866666666666669
Random Action
INFO:marlo.base_env_builder:Agent missed 9 observation(s).
Starting goal step:  35  of game:  5  avg score:  -0.3866666666666669
Random Action
INFO:marlo.base_env_builder:Agent missed 9 observation(s).
Starting goal step:  36  of game:  5  avg score:  -0.3866666666666669
Random Action
INFO:marlo.base_env_builder:Agent missed 8 observation(s).
Starting goal step:  37  of game:  5  avg score:  -0.3866666666666669
Random Action
INFO:marlo.base_env_builder:Agent missed 9 observation(s).
Starting goal step:  38  of game:  5  avg score:  -0.3866666666666669
Random Action
INFO:marlo.base_env_builder:Agent missed 9 observation(s).
Starting goal step:  39  of game:  5  avg score:  -0.3866666666666669
Random Action
INFO:marlo.base_env_builder:Agent missed 7 observation(s).
Starting goal step:  40  of game:  5  avg score:  -0.3866666666666669
Random Action
INFO:marlo.base_env_builder:Agent missed 10 observation(s).
Starting goal step:  41  of game:  5  avg score:  -0.3866666666666669
Random Action
INFO:marlo.base_env_builder:Agent missed 9 observation(s).
Starting goal step:  42  of game:  5  avg score:  -0.3866666666666669
Random Action
INFO:marlo.base_env_builder:Agent missed 9 observation(s).
Starting goal step:  43  of game:  5  avg score:  -0.3866666666666669
Random Action
INFO:marlo.base_env_builder:Agent missed 8 observation(s).
Starting goal step:  44  of game:  5  avg score:  -0.3866666666666669
Random Action
INFO:marlo.base_env_builder:Agent missed 8 observation(s).
Starting goal step:  45  of game:  5  avg score:  -0.3866666666666669
Random Action
INFO:marlo.base_env_builder:Agent missed 9 observation(s).
Starting goal step:  46  of game:  5  avg score:  -0.3866666666666669
Random Action
INFO:marlo.base_env_builder:Agent missed 9 observation(s).
Starting goal step:  47  of game:  5  avg score:  -0.3866666666666669
Random Action
INFO:marlo.base_env_builder:Agent missed 8 observation(s).
Starting goal step:  48  of game:  5  avg score:  -0.3866666666666669
Random Action
INFO:marlo.base_env_builder:Agent missed 8 observation(s).
Starting goal step:  49  of game:  5  avg score:  -0.3866666666666669
Random Action
INFO:marlo.base_env_builder:Agent missed 8 observation(s).
Starting goal step:  50  of game:  5  avg score:  -0.3866666666666669
Random Action
INFO:marlo.base_env_builder:Agent missed 10 observation(s).
Starting goal step:  51  of game:  5  avg score:  -0.3866666666666669
Random Action
INFO:marlo.base_env_builder:Agent missed 8 observation(s).
Starting goal step:  52  of game:  5  avg score:  -0.3866666666666669
Random Action
INFO:marlo.base_env_builder:Agent missed 8 observation(s).
Starting goal step:  53  of game:  5  avg score:  -0.3866666666666669
Random Action
INFO:marlo.base_env_builder:Agent missed 8 observation(s).
Starting goal step:  54  of game:  5  avg score:  -0.3866666666666669
Random Action
INFO:marlo.base_env_builder:Agent missed 10 observation(s).
Starting goal step:  55  of game:  5  avg score:  -0.3866666666666669
Random Action
INFO:marlo.base_env_builder:Agent missed 6 observation(s).
Starting goal step:  56  of game:  5  avg score:  -0.3866666666666669
Random Action
INFO:marlo.base_env_builder:Agent missed 10 observation(s).
Starting goal step:  57  of game:  5  avg score:  -0.3866666666666669
Random Action
INFO:marlo.base_env_builder:Agent missed 8 observation(s).
Starting goal step:  58  of game:  5  avg score:  -0.3866666666666669
Random Action
INFO:marlo.base_env_builder:Agent missed 8 observation(s).
Starting goal step:  59  of game:  5  avg score:  -0.3866666666666669
Random Action
INFO:marlo.base_env_builder:Agent missed 8 observation(s).
Starting goal step:  60  of game:  5  avg score:  -0.3866666666666669
Random Action
INFO:marlo.base_env_builder:Agent missed 9 observation(s).
Starting goal step:  61  of game:  5  avg score:  -0.3866666666666669
Random Action
INFO:marlo.base_env_builder:Agent missed 9 observation(s).
Starting goal step:  62  of game:  5  avg score:  -0.3866666666666669
Random Action
INFO:marlo.base_env_builder:Agent missed 9 observation(s).
Starting goal step:  63  of game:  5  avg score:  -0.3866666666666669
Random Action
INFO:marlo.base_env_builder:Agent missed 7 observation(s).
Starting goal step:  64  of game:  5  avg score:  -0.3866666666666669
Random Action
INFO:marlo.base_env_builder:Agent missed 9 observation(s).
Starting goal step:  65  of game:  5  avg score:  -0.3866666666666669
Random Action
INFO:marlo.base_env_builder:Agent missed 9 observation(s).
Starting goal step:  66  of game:  5  avg score:  -0.3866666666666669
Random Action
INFO:marlo.base_env_builder:Agent missed 8 observation(s).
Starting goal step:  67  of game:  5  avg score:  -0.3866666666666669
Random Action
INFO:marlo.base_env_builder:Agent missed 8 observation(s).
Starting goal step:  68  of game:  5  avg score:  -0.3866666666666669
Random Action
INFO:marlo.base_env_builder:Agent missed 8 observation(s).
Starting goal step:  69  of game:  5  avg score:  -0.3866666666666669
Random Action
INFO:marlo.base_env_builder:Agent missed 8 observation(s).
Starting goal step:  70  of game:  5  avg score:  -0.3866666666666669
Random Action
INFO:marlo.base_env_builder:Agent missed 9 observation(s).
Starting goal step:  71  of game:  5  avg score:  -0.3866666666666669
Random Action
INFO:marlo.base_env_builder:Agent missed 8 observation(s).
Starting goal step:  72  of game:  5  avg score:  -0.3866666666666669
Random Action
INFO:marlo.base_env_builder:Agent missed 9 observation(s).
Starting goal step:  73  of game:  5  avg score:  -0.3866666666666669
Random Action
INFO:marlo.base_env_builder:Agent missed 9 observation(s).
Starting goal step:  74  of game:  5  avg score:  -0.3866666666666669
Random Action
INFO:marlo.base_env_builder:Agent missed 8 observation(s).
Starting goal step:  75  of game:  5  avg score:  -0.3866666666666669
Random Action
INFO:marlo.base_env_builder:Agent missed 8 observation(s).
Starting goal step:  76  of game:  5  avg score:  -0.3866666666666669
Random Action
INFO:marlo.base_env_builder:Agent missed 8 observation(s).
Starting goal step:  77  of game:  5  avg score:  -0.3866666666666669
Random Action
INFO:marlo.base_env_builder:Agent missed 8 observation(s).
Starting goal step:  78  of game:  5  avg score:  -0.3866666666666669
Random Action
INFO:marlo.base_env_builder:Agent missed 9 observation(s).
Starting goal step:  79  of game:  5  avg score:  -0.3866666666666669
Random Action
INFO:marlo.base_env_builder:Agent missed 8 observation(s).
Starting goal step:  80  of game:  5  avg score:  -0.3866666666666669
Random Action
INFO:marlo.base_env_builder:Agent missed 9 observation(s).
Starting goal step:  81  of game:  5  avg score:  -0.3866666666666669
Random Action
INFO:marlo.base_env_builder:Agent missed 8 observation(s).
Starting goal step:  82  of game:  5  avg score:  -0.3866666666666669
Random Action
INFO:marlo.base_env_builder:Agent missed 9 observation(s).
Starting goal step:  83  of game:  5  avg score:  -0.3866666666666669
Random Action
INFO:marlo.base_env_builder:Agent missed 8 observation(s).
Starting goal step:  84  of game:  5  avg score:  -0.3866666666666669
Random Action
INFO:marlo.base_env_builder:Agent missed 9 observation(s).
Starting goal step:  85  of game:  5  avg score:  -0.3866666666666669
Random Action
INFO:marlo.base_env_builder:Agent missed 8 observation(s).
Starting goal step:  86  of game:  5  avg score:  -0.3866666666666669
Random Action
INFO:marlo.base_env_builder:Agent missed 9 observation(s).
Starting goal step:  87  of game:  5  avg score:  -0.3866666666666669
Random Action
INFO:marlo.base_env_builder:Agent missed 8 observation(s).
Starting goal step:  88  of game:  5  avg score:  -0.3866666666666669
Random Action
INFO:marlo.base_env_builder:Agent missed 8 observation(s).
Starting goal step:  89  of game:  5  avg score:  -0.3866666666666669
Random Action
INFO:marlo.base_env_builder:Agent missed 9 observation(s).
Starting goal step:  90  of game:  5  avg score:  -0.3866666666666669
Random Action
INFO:marlo.base_env_builder:Agent missed 9 observation(s).
Starting goal step:  91  of game:  5  avg score:  -0.3866666666666669
Random Action
INFO:marlo.base_env_builder:Agent missed 8 observation(s).
Starting goal step:  92  of game:  5  avg score:  -0.3866666666666669
Random Action
INFO:marlo.base_env_builder:Agent missed 8 observation(s).
Starting goal step:  93  of game:  5  avg score:  -0.3866666666666669
Random Action
INFO:marlo.base_env_builder:Agent missed 9 observation(s).
Starting goal step:  94  of game:  5  avg score:  -0.3866666666666669
Random Action
INFO:marlo.base_env_builder:Agent missed 9 observation(s).
Starting goal step:  95  of game:  5  avg score:  -0.3866666666666669
Random Action
INFO:marlo.base_env_builder:Agent missed 8 observation(s).
Starting goal step:  96  of game:  5  avg score:  -0.3866666666666669
Random Action
INFO:marlo.base_env_builder:Agent missed 9 observation(s).
Starting goal step:  97  of game:  5  avg score:  -0.3866666666666669
Random Action
INFO:marlo.base_env_builder:Agent missed 8 observation(s).
Starting goal step:  98  of game:  5  avg score:  -0.3866666666666669
Random Action
INFO:marlo.base_env_builder:Agent missed 9 observation(s).
Starting goal step:  99  of game:  5  avg score:  -0.3866666666666669
Random Action
INFO:marlo.base_env_builder:Agent missed 8 observation(s).
Starting goal step:  100  of game:  5  avg score:  -0.3866666666666669
Random Action
INFO:marlo.base_env_builder:Agent missed 9 observation(s).
WARNING:marlo.base_env_builder:Error on attempting to start mission : A mission is already running.
WARNING:marlo.base_env_builder:Will attempt again after 3 seconds.
INFO:marlo.base_env_builder:Waiting for mission to start...
INFO:marlo.base_env_builder:Mission Running
Starting goal step:  1  of game:  6  avg score:  -0.3866666666666669
Random Action
INFO:marlo.base_env_builder:Agent missed 1 observation(s).
Starting goal step:  2  of game:  6  avg score:  -0.3866666666666669
Random Action
INFO:marlo.base_env_builder:Agent missed 9 observation(s).
Starting goal step:  3  of game:  6  avg score:  -0.3866666666666669
Random Action
INFO:marlo.base_env_builder:Agent missed 7 observation(s).
Starting goal step:  4  of game:  6  avg score:  -0.3866666666666669
Random Action
INFO:marlo.base_env_builder:Agent missed 10 observation(s).
Starting goal step:  5  of game:  6  avg score:  -0.3866666666666669
Random Action
INFO:marlo.base_env_builder:Agent missed 9 observation(s).
Starting goal step:  6  of game:  6  avg score:  -0.3866666666666669
Random Action
INFO:marlo.base_env_builder:Agent missed 9 observation(s).
Starting goal step:  7  of game:  6  avg score:  -0.3866666666666669
Random Action
INFO:marlo.base_env_builder:Agent missed 8 observation(s).
Starting goal step:  8  of game:  6  avg score:  -0.3866666666666669
Random Action
INFO:marlo.base_env_builder:Agent missed 9 observation(s).
Starting goal step:  9  of game:  6  avg score:  -0.3866666666666669
Random Action
INFO:marlo.base_env_builder:Agent missed 8 observation(s).
Starting goal step:  10  of game:  6  avg score:  -0.3866666666666669
Random Action
INFO:marlo.base_env_builder:Agent missed 9 observation(s).
Starting goal step:  11  of game:  6  avg score:  -0.3866666666666669
Random Action
INFO:marlo.base_env_builder:Agent missed 9 observation(s).
Starting goal step:  12  of game:  6  avg score:  -0.3866666666666669
Random Action
INFO:marlo.base_env_builder:Agent missed 8 observation(s).
Starting goal step:  13  of game:  6  avg score:  -0.3866666666666669
Random Action
INFO:marlo.base_env_builder:Agent missed 9 observation(s).
Starting goal step:  14  of game:  6  avg score:  -0.3866666666666669
Random Action
INFO:marlo.base_env_builder:Agent missed 9 observation(s).
Starting goal step:  15  of game:  6  avg score:  -0.3866666666666669
Random Action
INFO:marlo.base_env_builder:Agent missed 9 observation(s).
Starting goal step:  16  of game:  6  avg score:  -0.3866666666666669
Random Action
INFO:marlo.base_env_builder:Agent missed 9 observation(s).
Starting goal step:  17  of game:  6  avg score:  -0.3866666666666669
Random Action
INFO:marlo.base_env_builder:Agent missed 8 observation(s).
Starting goal step:  18  of game:  6  avg score:  -0.3866666666666669
Random Action
INFO:marlo.base_env_builder:Agent missed 9 observation(s).
Starting goal step:  19  of game:  6  avg score:  -0.3866666666666669
Random Action
INFO:marlo.base_env_builder:Agent missed 8 observation(s).
Starting goal step:  20  of game:  6  avg score:  -0.3866666666666669
Random Action
INFO:marlo.base_env_builder:Agent missed 10 observation(s).
Starting goal step:  21  of game:  6  avg score:  -0.3866666666666669
Random Action
INFO:marlo.base_env_builder:Agent missed 8 observation(s).
Starting goal step:  22  of game:  6  avg score:  -0.3866666666666669
Random Action
INFO:marlo.base_env_builder:Agent missed 9 observation(s).
Starting goal step:  23  of game:  6  avg score:  -0.3866666666666669
Random Action
INFO:marlo.base_env_builder:Agent missed 8 observation(s).
Starting goal step:  24  of game:  6  avg score:  -0.3866666666666669
Random Action
INFO:marlo.base_env_builder:Agent missed 8 observation(s).
Starting goal step:  25  of game:  6  avg score:  -0.3866666666666669
Random Action
INFO:marlo.base_env_builder:Agent missed 9 observation(s).
Starting goal step:  26  of game:  6  avg score:  -0.3866666666666669
Random Action
INFO:marlo.base_env_builder:Agent missed 9 observation(s).
Starting goal step:  27  of game:  6  avg score:  -0.3866666666666669
Random Action
INFO:marlo.base_env_builder:Agent missed 8 observation(s).
Starting goal step:  28  of game:  6  avg score:  -0.3866666666666669
Random Action
INFO:marlo.base_env_builder:Agent missed 10 observation(s).
Starting goal step:  29  of game:  6  avg score:  -0.3866666666666669
Random Action
INFO:marlo.base_env_builder:Agent missed 8 observation(s).
Starting goal step:  30  of game:  6  avg score:  -0.3866666666666669
Random Action
INFO:marlo.base_env_builder:Agent missed 9 observation(s).
Starting goal step:  31  of game:  6  avg score:  -0.3866666666666669
Random Action
INFO:marlo.base_env_builder:Agent missed 8 observation(s).
Starting goal step:  32  of game:  6  avg score:  -0.3866666666666669
Random Action
INFO:marlo.base_env_builder:Agent missed 9 observation(s).
Starting goal step:  33  of game:  6  avg score:  -0.3866666666666669
Random Action
INFO:marlo.base_env_builder:Agent missed 8 observation(s).
Starting goal step:  34  of game:  6  avg score:  -0.3866666666666669
Random Action
INFO:marlo.base_env_builder:Agent missed 9 observation(s).
Starting goal step:  35  of game:  6  avg score:  -0.3866666666666669
Random Action
INFO:marlo.base_env_builder:Agent missed 9 observation(s).
Starting goal step:  36  of game:  6  avg score:  -0.3866666666666669
Random Action
INFO:marlo.base_env_builder:Agent missed 7 observation(s).
Starting goal step:  37  of game:  6  avg score:  -0.3866666666666669
Random Action
INFO:marlo.base_env_builder:Agent missed 9 observation(s).
Starting goal step:  38  of game:  6  avg score:  -0.3866666666666669
Random Action
INFO:marlo.base_env_builder:Agent missed 9 observation(s).
Starting goal step:  39  of game:  6  avg score:  -0.3866666666666669
Random Action
INFO:marlo.base_env_builder:Agent missed 8 observation(s).
Starting goal step:  40  of game:  6  avg score:  -0.3866666666666669
Random Action
INFO:marlo.base_env_builder:Agent missed 9 observation(s).
Starting goal step:  41  of game:  6  avg score:  -0.3866666666666669
Random Action
INFO:marlo.base_env_builder:Agent missed 9 observation(s).
Starting goal step:  42  of game:  6  avg score:  -0.3866666666666669
Random Action
INFO:marlo.base_env_builder:Agent missed 9 observation(s).
Starting goal step:  43  of game:  6  avg score:  -0.3866666666666669
Random Action
INFO:marlo.base_env_builder:Agent missed 7 observation(s).
Starting goal step:  44  of game:  6  avg score:  -0.3866666666666669
Random Action
INFO:marlo.base_env_builder:Agent missed 9 observation(s).
Starting goal step:  45  of game:  6  avg score:  -0.3866666666666669
Random Action
INFO:marlo.base_env_builder:Agent missed 9 observation(s).
Starting goal step:  46  of game:  6  avg score:  -0.3866666666666669
Random Action
INFO:marlo.base_env_builder:Agent missed 9 observation(s).
Starting goal step:  47  of game:  6  avg score:  -0.3866666666666669
Random Action
INFO:marlo.base_env_builder:Agent missed 8 observation(s).
Starting goal step:  48  of game:  6  avg score:  -0.3866666666666669
Random Action
INFO:marlo.base_env_builder:Agent missed 9 observation(s).
Starting goal step:  49  of game:  6  avg score:  -0.3866666666666669
Random Action
INFO:marlo.base_env_builder:Agent missed 9 observation(s).
Starting goal step:  50  of game:  6  avg score:  -0.3866666666666669
Random Action
INFO:marlo.base_env_builder:Agent missed 8 observation(s).
Starting goal step:  51  of game:  6  avg score:  -0.3866666666666669
Random Action
INFO:marlo.base_env_builder:Agent missed 8 observation(s).
Starting goal step:  52  of game:  6  avg score:  -0.3866666666666669
Random Action
INFO:marlo.base_env_builder:Agent missed 9 observation(s).
Starting goal step:  53  of game:  6  avg score:  -0.3866666666666669
Random Action
INFO:marlo.base_env_builder:Agent missed 9 observation(s).
Starting goal step:  54  of game:  6  avg score:  -0.3866666666666669
Random Action
INFO:marlo.base_env_builder:Agent missed 8 observation(s).
Starting goal step:  55  of game:  6  avg score:  -0.3866666666666669
Random Action
INFO:marlo.base_env_builder:Agent missed 9 observation(s).
Starting goal step:  56  of game:  6  avg score:  -0.3866666666666669
Random Action
INFO:marlo.base_env_builder:Agent missed 8 observation(s).
Starting goal step:  57  of game:  6  avg score:  -0.3866666666666669
Random Action
INFO:marlo.base_env_builder:Agent missed 10 observation(s).
Starting goal step:  58  of game:  6  avg score:  -0.3866666666666669
Random Action
INFO:marlo.base_env_builder:Agent missed 8 observation(s).
Starting goal step:  59  of game:  6  avg score:  -0.3866666666666669
Random Action
INFO:marlo.base_env_builder:Agent missed 9 observation(s).
Starting goal step:  60  of game:  6  avg score:  -0.3866666666666669
Random Action
INFO:marlo.base_env_builder:Agent missed 7 observation(s).
Starting goal step:  61  of game:  6  avg score:  -0.3866666666666669
Random Action
INFO:marlo.base_env_builder:Agent missed 9 observation(s).
Starting goal step:  62  of game:  6  avg score:  -0.3866666666666669
Random Action
INFO:marlo.base_env_builder:Agent missed 8 observation(s).
Starting goal step:  63  of game:  6  avg score:  -0.3866666666666669
Random Action
INFO:marlo.base_env_builder:Agent missed 9 observation(s).
Starting goal step:  64  of game:  6  avg score:  -0.3866666666666669
Random Action
INFO:marlo.base_env_builder:Agent missed 9 observation(s).
Starting goal step:  65  of game:  6  avg score:  -0.3866666666666669
Random Action
INFO:marlo.base_env_builder:Agent missed 8 observation(s).
Starting goal step:  66  of game:  6  avg score:  -0.3866666666666669
Random Action
INFO:marlo.base_env_builder:Agent missed 9 observation(s).
Starting goal step:  67  of game:  6  avg score:  -0.3866666666666669
Random Action
INFO:marlo.base_env_builder:Agent missed 9 observation(s).
Starting goal step:  68  of game:  6  avg score:  -0.3866666666666669
Random Action
INFO:marlo.base_env_builder:Agent missed 7 observation(s).
Starting goal step:  69  of game:  6  avg score:  -0.3866666666666669
Random Action
INFO:marlo.base_env_builder:Agent missed 10 observation(s).
Starting goal step:  70  of game:  6  avg score:  -0.3866666666666669
Random Action
INFO:marlo.base_env_builder:Agent missed 7 observation(s).
Starting goal step:  71  of game:  6  avg score:  -0.3866666666666669
Random Action
INFO:marlo.base_env_builder:Agent missed 9 observation(s).
Starting goal step:  72  of game:  6  avg score:  -0.3866666666666669
Random Action
INFO:marlo.base_env_builder:Agent missed 8 observation(s).
Starting goal step:  73  of game:  6  avg score:  -0.3866666666666669
Random Action
INFO:marlo.base_env_builder:Agent missed 9 observation(s).
Starting goal step:  74  of game:  6  avg score:  -0.3866666666666669
Random Action
INFO:marlo.base_env_builder:Agent missed 9 observation(s).
Starting goal step:  75  of game:  6  avg score:  -0.3866666666666669
Random Action
INFO:marlo.base_env_builder:Agent missed 9 observation(s).
Starting goal step:  76  of game:  6  avg score:  -0.3866666666666669
Random Action
INFO:marlo.base_env_builder:Agent missed 9 observation(s).
Starting goal step:  77  of game:  6  avg score:  -0.3866666666666669
Random Action
INFO:marlo.base_env_builder:Agent missed 9 observation(s).
Starting goal step:  78  of game:  6  avg score:  -0.3866666666666669
Random Action
INFO:marlo.base_env_builder:Agent missed 8 observation(s).
Starting goal step:  79  of game:  6  avg score:  -0.3866666666666669
Random Action
INFO:marlo.base_env_builder:Agent missed 9 observation(s).
Starting goal step:  80  of game:  6  avg score:  -0.3866666666666669
Random Action
INFO:marlo.base_env_builder:Agent missed 9 observation(s).
Starting goal step:  81  of game:  6  avg score:  -0.3866666666666669
Random Action
INFO:marlo.base_env_builder:Agent missed 8 observation(s).
Starting goal step:  82  of game:  6  avg score:  -0.3866666666666669
Random Action
INFO:marlo.base_env_builder:Agent missed 9 observation(s).
Starting goal step:  83  of game:  6  avg score:  -0.3866666666666669
Random Action
INFO:marlo.base_env_builder:Agent missed 8 observation(s).
Starting goal step:  84  of game:  6  avg score:  -0.3866666666666669
Random Action
INFO:marlo.base_env_builder:Agent missed 9 observation(s).
Starting goal step:  85  of game:  6  avg score:  -0.3866666666666669
Random Action
INFO:marlo.base_env_builder:Agent missed 8 observation(s).
Starting goal step:  86  of game:  6  avg score:  -0.3866666666666669
Random Action
INFO:marlo.base_env_builder:Agent missed 8 observation(s).
Starting goal step:  87  of game:  6  avg score:  -0.3866666666666669
Random Action
INFO:marlo.base_env_builder:Agent missed 11 observation(s).
Starting goal step:  88  of game:  6  avg score:  -0.3866666666666669
Random Action
INFO:marlo.base_env_builder:Agent missed 7 observation(s).
Starting goal step:  89  of game:  6  avg score:  -0.3866666666666669
Random Action
INFO:marlo.base_env_builder:Agent missed 10 observation(s).
Starting goal step:  90  of game:  6  avg score:  -0.3866666666666669
Random Action
INFO:marlo.base_env_builder:Agent missed 8 observation(s).
Starting goal step:  91  of game:  6  avg score:  -0.3866666666666669
Random Action
INFO:marlo.base_env_builder:Agent missed 9 observation(s).
Starting goal step:  92  of game:  6  avg score:  -0.3866666666666669
Random Action
INFO:marlo.base_env_builder:Agent missed 9 observation(s).
Starting goal step:  93  of game:  6  avg score:  -0.3866666666666669
Random Action
INFO:marlo.base_env_builder:Agent missed 9 observation(s).
Starting goal step:  94  of game:  6  avg score:  -0.3866666666666669
Random Action
INFO:marlo.base_env_builder:Agent missed 9 observation(s).
Starting goal step:  95  of game:  6  avg score:  -0.3866666666666669
Random Action
INFO:marlo.base_env_builder:Agent missed 9 observation(s).
Starting goal step:  96  of game:  6  avg score:  -0.3866666666666669
Random Action
INFO:marlo.base_env_builder:Agent missed 8 observation(s).
Starting goal step:  97  of game:  6  avg score:  -0.3866666666666669
Random Action
INFO:marlo.base_env_builder:Agent missed 9 observation(s).
Starting goal step:  98  of game:  6  avg score:  -0.3866666666666669
Random Action
INFO:marlo.base_env_builder:Agent missed 8 observation(s).
Starting goal step:  99  of game:  6  avg score:  -0.3866666666666669
Random Action
INFO:marlo.base_env_builder:Agent missed 9 observation(s).
Starting goal step:  100  of game:  6  avg score:  -0.3866666666666669
Random Action
INFO:marlo.base_env_builder:Agent missed 10 observation(s).
WARNING:marlo.base_env_builder:Error on attempting to start mission : A mission is already running.
WARNING:marlo.base_env_builder:Will attempt again after 3 seconds.
INFO:marlo.base_env_builder:Waiting for mission to start...
INFO:marlo.base_env_builder:Mission Running
Starting goal step:  1  of game:  7  avg score:  -0.3866666666666669
Random Action
INFO:marlo.base_env_builder:Agent missed 1 observation(s).
Starting goal step:  2  of game:  7  avg score:  -0.3866666666666669
Random Action
INFO:marlo.base_env_builder:Agent missed 11 observation(s).
Starting goal step:  3  of game:  7  avg score:  -0.3866666666666669
Random Action
INFO:marlo.base_env_builder:Agent missed 9 observation(s).
Starting goal step:  4  of game:  7  avg score:  -0.3866666666666669
Random Action
INFO:marlo.base_env_builder:Agent missed 8 observation(s).
Starting goal step:  5  of game:  7  avg score:  -0.3866666666666669
Random Action
INFO:marlo.base_env_builder:Agent missed 7 observation(s).
Starting goal step:  6  of game:  7  avg score:  -0.3866666666666669
Random Action
INFO:marlo.base_env_builder:Agent missed 9 observation(s).
Starting goal step:  7  of game:  7  avg score:  -0.3866666666666669
Random Action
INFO:marlo.base_env_builder:Agent missed 10 observation(s).
Starting goal step:  8  of game:  7  avg score:  -0.3866666666666669
Random Action
INFO:marlo.base_env_builder:Agent missed 9 observation(s).
Starting goal step:  9  of game:  7  avg score:  -0.3866666666666669
Random Action
INFO:marlo.base_env_builder:Agent missed 8 observation(s).
Starting goal step:  10  of game:  7  avg score:  -0.3866666666666669
Random Action
INFO:marlo.base_env_builder:Agent missed 9 observation(s).
Starting goal step:  11  of game:  7  avg score:  -0.3866666666666669
Random Action
INFO:marlo.base_env_builder:Agent missed 7 observation(s).
Starting goal step:  12  of game:  7  avg score:  -0.3866666666666669
Random Action
INFO:marlo.base_env_builder:Agent missed 9 observation(s).
Starting goal step:  13  of game:  7  avg score:  -0.3866666666666669
Random Action
INFO:marlo.base_env_builder:Agent missed 8 observation(s).
Starting goal step:  14  of game:  7  avg score:  -0.3866666666666669
Random Action
INFO:marlo.base_env_builder:Agent missed 9 observation(s).
Starting goal step:  15  of game:  7  avg score:  -0.3866666666666669
Random Action
INFO:marlo.base_env_builder:Agent missed 9 observation(s).
Starting goal step:  16  of game:  7  avg score:  -0.3866666666666669
Random Action
INFO:marlo.base_env_builder:Agent missed 8 observation(s).
Starting goal step:  17  of game:  7  avg score:  -0.3866666666666669
Random Action
INFO:marlo.base_env_builder:Agent missed 9 observation(s).
Starting goal step:  18  of game:  7  avg score:  -0.3866666666666669
Random Action
INFO:marlo.base_env_builder:Agent missed 9 observation(s).
Starting goal step:  19  of game:  7  avg score:  -0.3866666666666669
Random Action
INFO:marlo.base_env_builder:Agent missed 9 observation(s).
Starting goal step:  20  of game:  7  avg score:  -0.3866666666666669
Random Action
INFO:marlo.base_env_builder:Agent missed 8 observation(s).
Starting goal step:  21  of game:  7  avg score:  -0.3866666666666669
Random Action
INFO:marlo.base_env_builder:Agent missed 8 observation(s).
Starting goal step:  22  of game:  7  avg score:  -0.3866666666666669
Random Action
INFO:marlo.base_env_builder:Agent missed 10 observation(s).
Starting goal step:  23  of game:  7  avg score:  -0.3866666666666669
Random Action
INFO:marlo.base_env_builder:Agent missed 8 observation(s).
Starting goal step:  24  of game:  7  avg score:  -0.3866666666666669
Random Action
INFO:marlo.base_env_builder:Agent missed 8 observation(s).
Starting goal step:  25  of game:  7  avg score:  -0.3866666666666669
Random Action
INFO:marlo.base_env_builder:Agent missed 8 observation(s).
Starting goal step:  26  of game:  7  avg score:  -0.3866666666666669
Random Action
INFO:marlo.base_env_builder:Agent missed 9 observation(s).
Starting goal step:  27  of game:  7  avg score:  -0.3866666666666669
Random Action
INFO:marlo.base_env_builder:Agent missed 9 observation(s).
Starting goal step:  28  of game:  7  avg score:  -0.3866666666666669
Random Action
INFO:marlo.base_env_builder:Agent missed 9 observation(s).
Starting goal step:  29  of game:  7  avg score:  -0.3866666666666669
Random Action
INFO:marlo.base_env_builder:Agent missed 10 observation(s).
Starting goal step:  30  of game:  7  avg score:  -0.3866666666666669
Random Action
INFO:marlo.base_env_builder:Agent missed 8 observation(s).
Starting goal step:  31  of game:  7  avg score:  -0.3866666666666669
Random Action
INFO:marlo.base_env_builder:Agent missed 9 observation(s).
Starting goal step:  32  of game:  7  avg score:  -0.3866666666666669
Random Action
INFO:marlo.base_env_builder:Agent missed 8 observation(s).
Starting goal step:  33  of game:  7  avg score:  -0.3866666666666669
Random Action
INFO:marlo.base_env_builder:Agent missed 9 observation(s).
Starting goal step:  34  of game:  7  avg score:  -0.3866666666666669
Random Action
INFO:marlo.base_env_builder:Agent missed 8 observation(s).
Starting goal step:  35  of game:  7  avg score:  -0.3866666666666669
Random Action
INFO:marlo.base_env_builder:Agent missed 10 observation(s).
Starting goal step:  36  of game:  7  avg score:  -0.3866666666666669
Random Action
INFO:marlo.base_env_builder:Agent missed 8 observation(s).
Starting goal step:  37  of game:  7  avg score:  -0.3866666666666669
Random Action
INFO:marlo.base_env_builder:Agent missed 10 observation(s).
Starting goal step:  38  of game:  7  avg score:  -0.3866666666666669
Random Action
INFO:marlo.base_env_builder:Agent missed 8 observation(s).
Starting goal step:  39  of game:  7  avg score:  -0.3866666666666669
Random Action
INFO:marlo.base_env_builder:Agent missed 9 observation(s).
Starting goal step:  40  of game:  7  avg score:  -0.3866666666666669
Random Action
INFO:marlo.base_env_builder:Agent missed 11 observation(s).
Starting goal step:  41  of game:  7  avg score:  -0.3866666666666669
Random Action
INFO:marlo.base_env_builder:Agent missed 11 observation(s).
Starting goal step:  42  of game:  7  avg score:  -0.3866666666666669
Random Action
INFO:marlo.base_env_builder:Agent missed 10 observation(s).
Starting goal step:  43  of game:  7  avg score:  -0.3866666666666669
Random Action
INFO:marlo.base_env_builder:Agent missed 12 observation(s).
Starting goal step:  44  of game:  7  avg score:  -0.3866666666666669
Random Action
INFO:marlo.base_env_builder:Agent missed 10 observation(s).
Starting goal step:  45  of game:  7  avg score:  -0.3866666666666669
Random Action
INFO:marlo.base_env_builder:Agent missed 9 observation(s).
Starting goal step:  46  of game:  7  avg score:  -0.3866666666666669
Random Action
INFO:marlo.base_env_builder:Agent missed 8 observation(s).
Starting goal step:  47  of game:  7  avg score:  -0.3866666666666669
Random Action
INFO:marlo.base_env_builder:Agent missed 11 observation(s).
Starting goal step:  48  of game:  7  avg score:  -0.3866666666666669
Random Action
INFO:marlo.base_env_builder:Agent missed 8 observation(s).
Starting goal step:  49  of game:  7  avg score:  -0.3866666666666669
Random Action
INFO:marlo.base_env_builder:Agent missed 9 observation(s).
Starting goal step:  50  of game:  7  avg score:  -0.3866666666666669
Random Action
INFO:marlo.base_env_builder:Agent missed 9 observation(s).
Starting goal step:  51  of game:  7  avg score:  -0.3866666666666669
Random Action
INFO:marlo.base_env_builder:Agent missed 9 observation(s).
Starting goal step:  52  of game:  7  avg score:  -0.3866666666666669
Random Action
INFO:marlo.base_env_builder:Agent missed 8 observation(s).
Starting goal step:  53  of game:  7  avg score:  -0.3866666666666669
Random Action
INFO:marlo.base_env_builder:Agent missed 8 observation(s).
Starting goal step:  54  of game:  7  avg score:  -0.3866666666666669
Random Action
INFO:marlo.base_env_builder:Agent missed 9 observation(s).
Starting goal step:  55  of game:  7  avg score:  -0.3866666666666669
Random Action
INFO:marlo.base_env_builder:Agent missed 10 observation(s).
Starting goal step:  56  of game:  7  avg score:  -0.3866666666666669
Random Action
INFO:marlo.base_env_builder:Agent missed 8 observation(s).
Starting goal step:  57  of game:  7  avg score:  -0.3866666666666669
Random Action
INFO:marlo.base_env_builder:Agent missed 7 observation(s).
Starting goal step:  58  of game:  7  avg score:  -0.3866666666666669
Random Action
INFO:marlo.base_env_builder:Agent missed 11 observation(s).
Starting goal step:  59  of game:  7  avg score:  -0.3866666666666669
Random Action
INFO:marlo.base_env_builder:Agent missed 8 observation(s).
Starting goal step:  60  of game:  7  avg score:  -0.3866666666666669
Random Action
INFO:marlo.base_env_builder:Agent missed 9 observation(s).
Starting goal step:  61  of game:  7  avg score:  -0.3866666666666669
Random Action
INFO:marlo.base_env_builder:Agent missed 9 observation(s).
Starting goal step:  62  of game:  7  avg score:  -0.3866666666666669
Random Action
INFO:marlo.base_env_builder:Agent missed 9 observation(s).
Starting goal step:  63  of game:  7  avg score:  -0.3866666666666669
Random Action
INFO:marlo.base_env_builder:Agent missed 9 observation(s).
Starting goal step:  64  of game:  7  avg score:  -0.3866666666666669
Random Action
INFO:marlo.base_env_builder:Agent missed 8 observation(s).
Starting goal step:  65  of game:  7  avg score:  -0.3866666666666669
Random Action
INFO:marlo.base_env_builder:Agent missed 9 observation(s).
Starting goal step:  66  of game:  7  avg score:  -0.3866666666666669
Random Action
INFO:marlo.base_env_builder:Agent missed 10 observation(s).
Starting goal step:  67  of game:  7  avg score:  -0.3866666666666669
Random Action
INFO:marlo.base_env_builder:Agent missed 8 observation(s).
Starting goal step:  68  of game:  7  avg score:  -0.3866666666666669
Random Action
INFO:marlo.base_env_builder:Agent missed 8 observation(s).
Starting goal step:  69  of game:  7  avg score:  -0.3866666666666669
Random Action
INFO:marlo.base_env_builder:Agent missed 10 observation(s).
Starting goal step:  70  of game:  7  avg score:  -0.3866666666666669
Random Action
INFO:marlo.base_env_builder:Agent missed 7 observation(s).
Starting goal step:  71  of game:  7  avg score:  -0.3866666666666669
Random Action
INFO:marlo.base_env_builder:Agent missed 9 observation(s).
Starting goal step:  72  of game:  7  avg score:  -0.3866666666666669
Random Action
INFO:marlo.base_env_builder:Agent missed 8 observation(s).
Starting goal step:  73  of game:  7  avg score:  -0.3866666666666669
Random Action
INFO:marlo.base_env_builder:Agent missed 9 observation(s).
Starting goal step:  74  of game:  7  avg score:  -0.3866666666666669
Random Action
INFO:marlo.base_env_builder:Agent missed 9 observation(s).
Starting goal step:  75  of game:  7  avg score:  -0.3866666666666669
Random Action
INFO:marlo.base_env_builder:Agent missed 9 observation(s).
Starting goal step:  76  of game:  7  avg score:  -0.3866666666666669
Random Action
INFO:marlo.base_env_builder:Agent missed 8 observation(s).
Starting goal step:  77  of game:  7  avg score:  -0.3866666666666669
Random Action
INFO:marlo.base_env_builder:Agent missed 9 observation(s).
Starting goal step:  78  of game:  7  avg score:  -0.3866666666666669
Random Action
INFO:marlo.base_env_builder:Agent missed 9 observation(s).
Starting goal step:  79  of game:  7  avg score:  -0.3866666666666669
Random Action
INFO:marlo.base_env_builder:Agent missed 8 observation(s).
Starting goal step:  80  of game:  7  avg score:  -0.3866666666666669
Random Action
INFO:marlo.base_env_builder:Agent missed 9 observation(s).
Starting goal step:  81  of game:  7  avg score:  -0.3866666666666669
Random Action
INFO:marlo.base_env_builder:Agent missed 9 observation(s).
Starting goal step:  82  of game:  7  avg score:  -0.3866666666666669
Random Action
INFO:marlo.base_env_builder:Agent missed 8 observation(s).
Starting goal step:  83  of game:  7  avg score:  -0.3866666666666669
Random Action
INFO:marlo.base_env_builder:Agent missed 9 observation(s).
Starting goal step:  84  of game:  7  avg score:  -0.3866666666666669
Random Action
INFO:marlo.base_env_builder:Agent missed 7 observation(s).
Starting goal step:  85  of game:  7  avg score:  -0.3866666666666669
Random Action
INFO:marlo.base_env_builder:Agent missed 9 observation(s).
Starting goal step:  86  of game:  7  avg score:  -0.3866666666666669
Random Action
INFO:marlo.base_env_builder:Agent missed 9 observation(s).
Starting goal step:  87  of game:  7  avg score:  -0.3866666666666669
Random Action
INFO:marlo.base_env_builder:Agent missed 7 observation(s).
Starting goal step:  88  of game:  7  avg score:  -0.3866666666666669
Random Action
INFO:marlo.base_env_builder:Agent missed 10 observation(s).
Starting goal step:  89  of game:  7  avg score:  -0.3866666666666669
Random Action
INFO:marlo.base_env_builder:Agent missed 8 observation(s).
Starting goal step:  90  of game:  7  avg score:  -0.3866666666666669
Random Action
INFO:marlo.base_env_builder:Agent missed 9 observation(s).
Starting goal step:  91  of game:  7  avg score:  -0.3866666666666669
Random Action
INFO:marlo.base_env_builder:Agent missed 9 observation(s).
Starting goal step:  92  of game:  7  avg score:  -0.3866666666666669
Random Action
INFO:marlo.base_env_builder:Agent missed 8 observation(s).
Starting goal step:  93  of game:  7  avg score:  -0.3866666666666669
Random Action
INFO:marlo.base_env_builder:Agent missed 9 observation(s).
Starting goal step:  94  of game:  7  avg score:  -0.3866666666666669
Random Action
INFO:marlo.base_env_builder:Agent missed 9 observation(s).
Starting goal step:  95  of game:  7  avg score:  -0.3866666666666669
Random Action
INFO:marlo.base_env_builder:Agent missed 10 observation(s).
Starting goal step:  96  of game:  7  avg score:  -0.3866666666666669
Random Action
INFO:marlo.base_env_builder:Agent missed 7 observation(s).
Starting goal step:  97  of game:  7  avg score:  -0.3866666666666669
Random Action
INFO:marlo.base_env_builder:Agent missed 9 observation(s).
Starting goal step:  98  of game:  7  avg score:  -0.3866666666666669
Random Action
INFO:marlo.base_env_builder:Agent missed 9 observation(s).
Starting goal step:  99  of game:  7  avg score:  -0.3866666666666669
Random Action
INFO:marlo.base_env_builder:Agent missed 9 observation(s).
Starting goal step:  100  of game:  7  avg score:  -0.3866666666666669
Random Action
INFO:marlo.base_env_builder:Agent missed 8 observation(s).
